2025-07-31T09:20:37.107Z [INFO] - K50-HRM Integration service initialized. 
2025-07-31T09:20:37.111Z [INFO] - Starting ZKTeco-K50-HRM-Service... 
2025-07-31T09:20:37.112Z [INFO] - Starting attendance data sync cycle... 
2025-07-31T09:20:37.114Z [ERROR] - Could not connect to the ZKTeco device. Skipping this sync cycle. 
2025-07-31T09:20:37.115Z [INFO] - Service started. Sync will run every 60 seconds. 
2025-07-31T09:21:37.127Z [INFO] - Starting attendance data sync cycle... 
2025-07-31T09:21:37.129Z [ERROR] - Could not connect to the ZKTeco device. Skipping this sync cycle. 
2025-07-31T09:22:37.139Z [INFO] - Starting attendance data sync cycle... 
2025-07-31T09:22:37.144Z [ERROR] - Could not connect to the ZKTeco device. Skipping this sync cycle. 
2025-07-31T09:23:37.142Z [INFO] - Starting attendance data sync cycle... 
2025-07-31T09:23:37.147Z [ERROR] - Could not connect to the ZKTeco device. Skipping this sync cycle. 
2025-07-31T09:24:37.148Z [INFO] - Starting attendance data sync cycle... 
2025-07-31T09:24:37.150Z [ERROR] - Could not connect to the ZKTeco device. Skipping this sync cycle. 
2025-07-31T09:25:37.153Z [INFO] - Starting attendance data sync cycle... 
2025-07-31T09:25:37.156Z [ERROR] - Could not connect to the ZKTeco device. Skipping this sync cycle. 
2025-07-31T09:26:37.165Z [INFO] - Starting attendance data sync cycle... 
2025-07-31T09:26:37.167Z [ERROR] - Could not connect to the ZKTeco device. Skipping this sync cycle. 
2025-07-31T09:27:37.169Z [INFO] - Starting attendance data sync cycle... 
2025-07-31T09:27:37.171Z [ERROR] - Could not connect to the ZKTeco device. Skipping this sync cycle. 
2025-07-31T09:28:37.173Z [INFO] - Starting attendance data sync cycle... 
2025-07-31T09:28:37.175Z [ERROR] - Could not connect to the ZKTeco device. Skipping this sync cycle. 
2025-07-31T09:29:37.187Z [INFO] - Starting attendance data sync cycle... 
2025-07-31T09:29:37.191Z [ERROR] - Could not connect to the ZKTeco device. Skipping this sync cycle. 
2025-07-31T09:30:37.191Z [INFO] - Starting attendance data sync cycle... 
2025-07-31T09:30:37.192Z [ERROR] - Could not connect to the ZKTeco device. Skipping this sync cycle. 
2025-07-31T09:31:37.205Z [INFO] - Starting attendance data sync cycle... 
2025-07-31T09:31:37.208Z [ERROR] - Could not connect to the ZKTeco device. Skipping this sync cycle. 
2025-07-31T09:32:37.209Z [INFO] - Starting attendance data sync cycle... 
2025-07-31T09:32:37.211Z [ERROR] - Could not connect to the ZKTeco device. Skipping this sync cycle. 
2025-07-31T09:33:37.214Z [INFO] - Starting attendance data sync cycle... 
2025-07-31T09:33:37.216Z [ERROR] - Could not connect to the ZKTeco device. Skipping this sync cycle. 
2025-07-31T09:34:37.226Z [INFO] - Starting attendance data sync cycle... 
2025-07-31T09:34:37.227Z [ERROR] - Could not connect to the ZKTeco device. Skipping this sync cycle. 
2025-07-31T09:35:06.434Z [INFO] - K50-HRM Integration service initialized. 
2025-07-31T09:35:06.437Z [INFO] - Starting ZKTeco-K50-HRM-Service... 
2025-07-31T09:35:06.438Z [INFO] - Starting attendance data sync cycle... 
2025-07-31T09:35:06.439Z [ERROR] - Could not connect to the ZKTeco device. Skipping this sync cycle. 
2025-07-31T09:35:06.440Z [INFO] - Service started. Sync will run every 60 seconds. 
2025-07-31T09:35:15.640Z [INFO] - K50-HRM Integration service initialized. 
2025-07-31T09:35:15.643Z [INFO] - Starting ZKTeco-K50-HRM-Service... 
2025-07-31T09:35:15.643Z [INFO] - Starting attendance data sync cycle... 
2025-07-31T09:35:15.646Z [ERROR] - Could not connect to the ZKTeco device. Skipping this sync cycle. 
2025-07-31T09:35:15.647Z [INFO] - Service started. Sync will run every 60 seconds. 
2025-07-31T09:35:37.237Z [INFO] - Starting attendance data sync cycle... 
2025-07-31T09:35:37.240Z [ERROR] - Could not connect to the ZKTeco device. Skipping this sync cycle. 
2025-07-31T09:36:15.652Z [INFO] - Starting attendance data sync cycle... 
2025-07-31T09:36:15.655Z [ERROR] - Could not connect to the ZKTeco device. Skipping this sync cycle. 
2025-07-31T09:36:37.249Z [INFO] - Starting attendance data sync cycle... 
2025-07-31T09:36:37.253Z [ERROR] - Could not connect to the ZKTeco device. Skipping this sync cycle. 
2025-07-31T09:37:15.665Z [INFO] - Starting attendance data sync cycle... 
2025-07-31T09:37:15.668Z [ERROR] - Could not connect to the ZKTeco device. Skipping this sync cycle. 
2025-07-31T09:37:37.262Z [INFO] - Starting attendance data sync cycle... 
2025-07-31T09:37:37.263Z [ERROR] - Could not connect to the ZKTeco device. Skipping this sync cycle. 
2025-07-31T09:38:15.668Z [INFO] - Starting attendance data sync cycle... 
2025-07-31T09:38:15.671Z [ERROR] - Could not connect to the ZKTeco device. Skipping this sync cycle. 
2025-07-31T09:38:37.270Z [INFO] - Starting attendance data sync cycle... 
2025-07-31T09:38:37.276Z [ERROR] - Could not connect to the ZKTeco device. Skipping this sync cycle. 
2025-07-31T09:39:15.677Z [INFO] - Starting attendance data sync cycle... 
2025-07-31T09:39:15.680Z [ERROR] - Could not connect to the ZKTeco device. Skipping this sync cycle. 
2025-07-31T09:39:37.278Z [INFO] - Starting attendance data sync cycle... 
2025-07-31T09:39:37.280Z [ERROR] - Could not connect to the ZKTeco device. Skipping this sync cycle. 
2025-07-31T09:40:15.677Z [INFO] - Starting attendance data sync cycle... 
2025-07-31T09:40:15.679Z [ERROR] - Could not connect to the ZKTeco device. Skipping this sync cycle. 
2025-07-31T09:40:37.279Z [INFO] - Starting attendance data sync cycle... 
2025-07-31T09:40:37.283Z [ERROR] - Could not connect to the ZKTeco device. Skipping this sync cycle. 
2025-07-31T09:41:15.693Z [INFO] - Starting attendance data sync cycle... 
2025-07-31T09:41:15.694Z [ERROR] - Could not connect to the ZKTeco device. Skipping this sync cycle. 
2025-07-31T09:41:37.289Z [INFO] - Starting attendance data sync cycle... 
2025-07-31T09:41:37.291Z [ERROR] - Could not connect to the ZKTeco device. Skipping this sync cycle. 
2025-07-31T09:42:15.703Z [INFO] - Starting attendance data sync cycle... 
2025-07-31T09:42:15.705Z [ERROR] - Could not connect to the ZKTeco device. Skipping this sync cycle. 
2025-07-31T09:42:37.302Z [INFO] - Starting attendance data sync cycle... 
2025-07-31T09:42:37.306Z [ERROR] - Could not connect to the ZKTeco device. Skipping this sync cycle. 
2025-07-31T09:43:15.717Z [INFO] - Starting attendance data sync cycle... 
2025-07-31T09:43:15.721Z [ERROR] - Could not connect to the ZKTeco device. Skipping this sync cycle. 
2025-07-31T09:43:37.306Z [INFO] - Starting attendance data sync cycle... 
2025-07-31T09:43:37.310Z [ERROR] - Could not connect to the ZKTeco device. Skipping this sync cycle. 
2025-07-31T09:44:15.724Z [INFO] - Starting attendance data sync cycle... 
2025-07-31T09:44:15.727Z [ERROR] - Could not connect to the ZKTeco device. Skipping this sync cycle. 
2025-07-31T09:44:37.317Z [INFO] - Starting attendance data sync cycle... 
2025-07-31T09:44:37.320Z [ERROR] - Could not connect to the ZKTeco device. Skipping this sync cycle. 
2025-07-31T09:45:15.735Z [INFO] - Starting attendance data sync cycle... 
2025-07-31T09:45:15.738Z [ERROR] - Could not connect to the ZKTeco device. Skipping this sync cycle. 
2025-07-31T09:45:37.325Z [INFO] - Starting attendance data sync cycle... 
2025-07-31T09:45:37.327Z [ERROR] - Could not connect to the ZKTeco device. Skipping this sync cycle. 
2025-07-31T09:46:15.745Z [INFO] - Starting attendance data sync cycle... 
2025-07-31T09:46:15.746Z [ERROR] - Could not connect to the ZKTeco device. Skipping this sync cycle. 
2025-07-31T09:46:37.337Z [INFO] - Starting attendance data sync cycle... 
2025-07-31T09:46:37.339Z [ERROR] - Could not connect to the ZKTeco device. Skipping this sync cycle. 
2025-07-31T09:47:15.756Z [INFO] - Starting attendance data sync cycle... 
2025-07-31T09:47:15.757Z [ERROR] - Could not connect to the ZKTeco device. Skipping this sync cycle. 
2025-07-31T09:47:37.337Z [INFO] - Starting attendance data sync cycle... 
2025-07-31T09:47:37.340Z [ERROR] - Could not connect to the ZKTeco device. Skipping this sync cycle. 
2025-07-31T09:48:15.770Z [INFO] - Starting attendance data sync cycle... 
2025-07-31T09:48:15.773Z [ERROR] - Could not connect to the ZKTeco device. Skipping this sync cycle. 
2025-07-31T09:48:37.344Z [INFO] - Starting attendance data sync cycle... 
2025-07-31T09:48:37.345Z [ERROR] - Could not connect to the ZKTeco device. Skipping this sync cycle. 
2025-07-31T09:49:15.784Z [INFO] - Starting attendance data sync cycle... 
2025-07-31T09:49:15.787Z [ERROR] - Could not connect to the ZKTeco device. Skipping this sync cycle. 
2025-07-31T09:49:37.351Z [INFO] - Starting attendance data sync cycle... 
2025-07-31T09:49:37.355Z [ERROR] - Could not connect to the ZKTeco device. Skipping this sync cycle. 
2025-07-31T09:50:15.797Z [INFO] - Starting attendance data sync cycle... 
2025-07-31T09:50:15.798Z [ERROR] - Could not connect to the ZKTeco device. Skipping this sync cycle. 
2025-07-31T09:50:37.361Z [INFO] - Starting attendance data sync cycle... 
2025-07-31T09:50:37.365Z [ERROR] - Could not connect to the ZKTeco device. Skipping this sync cycle. 
2025-07-31T09:51:15.809Z [INFO] - Starting attendance data sync cycle... 
2025-07-31T09:51:15.812Z [ERROR] - Could not connect to the ZKTeco device. Skipping this sync cycle. 
2025-07-31T09:51:37.367Z [INFO] - Starting attendance data sync cycle... 
2025-07-31T09:51:37.370Z [ERROR] - Could not connect to the ZKTeco device. Skipping this sync cycle. 
2025-07-31T09:52:15.810Z [INFO] - Starting attendance data sync cycle... 
2025-07-31T09:52:15.811Z [ERROR] - Could not connect to the ZKTeco device. Skipping this sync cycle. 
2025-07-31T09:52:37.383Z [INFO] - Starting attendance data sync cycle... 
2025-07-31T09:52:37.386Z [ERROR] - Could not connect to the ZKTeco device. Skipping this sync cycle. 
2025-07-31T09:53:15.814Z [INFO] - Starting attendance data sync cycle... 
2025-07-31T09:53:15.817Z [ERROR] - Could not connect to the ZKTeco device. Skipping this sync cycle. 
2025-07-31T09:53:37.383Z [INFO] - Starting attendance data sync cycle... 
2025-07-31T09:53:37.386Z [ERROR] - Could not connect to the ZKTeco device. Skipping this sync cycle. 
2025-07-31T09:54:15.818Z [INFO] - Starting attendance data sync cycle... 
2025-07-31T09:54:15.821Z [ERROR] - Could not connect to the ZKTeco device. Skipping this sync cycle. 
2025-07-31T09:54:37.385Z [INFO] - Starting attendance data sync cycle... 
2025-07-31T09:54:37.389Z [ERROR] - Could not connect to the ZKTeco device. Skipping this sync cycle. 
2025-07-31T09:55:15.827Z [INFO] - Starting attendance data sync cycle... 
2025-07-31T09:55:15.830Z [ERROR] - Could not connect to the ZKTeco device. Skipping this sync cycle. 
2025-07-31T09:55:37.389Z [INFO] - Starting attendance data sync cycle... 
2025-07-31T09:55:37.391Z [ERROR] - Could not connect to the ZKTeco device. Skipping this sync cycle. 
2025-07-31T09:56:15.827Z [INFO] - Starting attendance data sync cycle... 
2025-07-31T09:56:15.830Z [ERROR] - Could not connect to the ZKTeco device. Skipping this sync cycle. 
2025-07-31T09:56:37.393Z [INFO] - Starting attendance data sync cycle... 
2025-07-31T09:56:37.395Z [ERROR] - Could not connect to the ZKTeco device. Skipping this sync cycle. 
2025-07-31T09:57:15.839Z [INFO] - Starting attendance data sync cycle... 
2025-07-31T09:57:15.841Z [ERROR] - Could not connect to the ZKTeco device. Skipping this sync cycle. 
2025-07-31T09:57:37.394Z [INFO] - Starting attendance data sync cycle... 
2025-07-31T09:57:37.395Z [ERROR] - Could not connect to the ZKTeco device. Skipping this sync cycle. 
2025-07-31T09:58:15.843Z [INFO] - Starting attendance data sync cycle... 
2025-07-31T09:58:15.846Z [ERROR] - Could not connect to the ZKTeco device. Skipping this sync cycle. 
2025-07-31T09:58:37.407Z [INFO] - Starting attendance data sync cycle... 
2025-07-31T09:58:37.410Z [ERROR] - Could not connect to the ZKTeco device. Skipping this sync cycle. 
2025-07-31T09:59:15.850Z [INFO] - Starting attendance data sync cycle... 
2025-07-31T09:59:15.852Z [ERROR] - Could not connect to the ZKTeco device. Skipping this sync cycle. 
2025-07-31T09:59:37.418Z [INFO] - Starting attendance data sync cycle... 
2025-07-31T09:59:37.421Z [ERROR] - Could not connect to the ZKTeco device. Skipping this sync cycle. 
2025-07-31T10:00:15.864Z [INFO] - Starting attendance data sync cycle... 
2025-07-31T10:00:15.867Z [ERROR] - Could not connect to the ZKTeco device. Skipping this sync cycle. 
2025-07-31T10:00:37.425Z [INFO] - Starting attendance data sync cycle... 
2025-07-31T10:00:37.428Z [ERROR] - Could not connect to the ZKTeco device. Skipping this sync cycle. 
2025-07-31T10:01:15.872Z [INFO] - Starting attendance data sync cycle... 
2025-07-31T10:01:15.874Z [ERROR] - Could not connect to the ZKTeco device. Skipping this sync cycle. 
2025-07-31T10:01:37.426Z [INFO] - Starting attendance data sync cycle... 
2025-07-31T10:01:37.429Z [ERROR] - Could not connect to the ZKTeco device. Skipping this sync cycle. 
2025-07-31T10:02:15.872Z [INFO] - Starting attendance data sync cycle... 
2025-07-31T10:02:15.875Z [ERROR] - Could not connect to the ZKTeco device. Skipping this sync cycle. 
2025-07-31T10:02:37.439Z [INFO] - Starting attendance data sync cycle... 
2025-07-31T10:02:37.444Z [ERROR] - Could not connect to the ZKTeco device. Skipping this sync cycle. 
2025-07-31T10:03:15.882Z [INFO] - Starting attendance data sync cycle... 
2025-07-31T10:03:15.884Z [ERROR] - Could not connect to the ZKTeco device. Skipping this sync cycle. 
2025-07-31T10:03:37.449Z [INFO] - Starting attendance data sync cycle... 
2025-07-31T10:03:37.453Z [ERROR] - Could not connect to the ZKTeco device. Skipping this sync cycle. 
2025-07-31T10:04:15.897Z [INFO] - Starting attendance data sync cycle... 
2025-07-31T10:04:15.900Z [ERROR] - Could not connect to the ZKTeco device. Skipping this sync cycle. 
2025-07-31T10:04:37.452Z [INFO] - Starting attendance data sync cycle... 
2025-07-31T10:04:37.454Z [ERROR] - Could not connect to the ZKTeco device. Skipping this sync cycle. 
2025-07-31T10:05:15.901Z [INFO] - Starting attendance data sync cycle... 
2025-07-31T10:05:15.902Z [ERROR] - Could not connect to the ZKTeco device. Skipping this sync cycle. 
2025-07-31T10:05:37.461Z [INFO] - Starting attendance data sync cycle... 
2025-07-31T10:05:37.462Z [ERROR] - Could not connect to the ZKTeco device. Skipping this sync cycle. 
2025-07-31T10:06:15.913Z [INFO] - Starting attendance data sync cycle... 
2025-07-31T10:06:15.917Z [ERROR] - Could not connect to the ZKTeco device. Skipping this sync cycle. 
2025-07-31T10:06:37.475Z [INFO] - Starting attendance data sync cycle... 
2025-07-31T10:06:37.476Z [ERROR] - Could not connect to the ZKTeco device. Skipping this sync cycle. 
2025-07-31T10:07:15.917Z [INFO] - Starting attendance data sync cycle... 
2025-07-31T10:07:15.918Z [ERROR] - Could not connect to the ZKTeco device. Skipping this sync cycle. 
2025-07-31T10:07:37.485Z [INFO] - Starting attendance data sync cycle... 
2025-07-31T10:07:37.488Z [ERROR] - Could not connect to the ZKTeco device. Skipping this sync cycle. 
2025-07-31T10:08:15.929Z [INFO] - Starting attendance data sync cycle... 
2025-07-31T10:08:15.933Z [ERROR] - Could not connect to the ZKTeco device. Skipping this sync cycle. 
2025-07-31T10:08:37.497Z [INFO] - Starting attendance data sync cycle... 
2025-07-31T10:08:37.500Z [ERROR] - Could not connect to the ZKTeco device. Skipping this sync cycle. 
2025-07-31T10:09:15.939Z [INFO] - Starting attendance data sync cycle... 
2025-07-31T10:09:15.942Z [ERROR] - Could not connect to the ZKTeco device. Skipping this sync cycle. 
2025-07-31T10:09:37.511Z [INFO] - Starting attendance data sync cycle... 
2025-07-31T10:09:37.514Z [ERROR] - Could not connect to the ZKTeco device. Skipping this sync cycle. 
2025-07-31T10:10:15.947Z [INFO] - Starting attendance data sync cycle... 
2025-07-31T10:10:15.950Z [ERROR] - Could not connect to the ZKTeco device. Skipping this sync cycle. 
2025-07-31T10:10:37.514Z [INFO] - Starting attendance data sync cycle... 
2025-07-31T10:10:37.518Z [ERROR] - Could not connect to the ZKTeco device. Skipping this sync cycle. 
2025-07-31T10:11:15.961Z [INFO] - Starting attendance data sync cycle... 
2025-07-31T10:11:15.964Z [ERROR] - Could not connect to the ZKTeco device. Skipping this sync cycle. 
2025-07-31T10:11:37.520Z [INFO] - Starting attendance data sync cycle... 
2025-07-31T10:11:37.523Z [ERROR] - Could not connect to the ZKTeco device. Skipping this sync cycle. 
2025-07-31T10:12:15.968Z [INFO] - Starting attendance data sync cycle... 
2025-07-31T10:12:15.971Z [ERROR] - Could not connect to the ZKTeco device. Skipping this sync cycle. 
2025-07-31T10:12:37.530Z [INFO] - Starting attendance data sync cycle... 
2025-07-31T10:12:37.532Z [ERROR] - Could not connect to the ZKTeco device. Skipping this sync cycle. 
2025-07-31T10:13:15.975Z [INFO] - Starting attendance data sync cycle... 
2025-07-31T10:13:15.978Z [ERROR] - Could not connect to the ZKTeco device. Skipping this sync cycle. 
2025-07-31T10:13:37.541Z [INFO] - Starting attendance data sync cycle... 
2025-07-31T10:13:37.544Z [ERROR] - Could not connect to the ZKTeco device. Skipping this sync cycle. 
2025-07-31T10:14:15.984Z [INFO] - Starting attendance data sync cycle... 
2025-07-31T10:14:15.987Z [ERROR] - Could not connect to the ZKTeco device. Skipping this sync cycle. 
2025-07-31T10:14:37.545Z [INFO] - Starting attendance data sync cycle... 
2025-07-31T10:14:37.548Z [ERROR] - Could not connect to the ZKTeco device. Skipping this sync cycle. 
2025-07-31T10:15:15.999Z [INFO] - Starting attendance data sync cycle... 
2025-07-31T10:15:16.000Z [ERROR] - Could not connect to the ZKTeco device. Skipping this sync cycle. 
2025-07-31T10:15:37.560Z [INFO] - Starting attendance data sync cycle... 
2025-07-31T10:15:37.564Z [ERROR] - Could not connect to the ZKTeco device. Skipping this sync cycle. 
2025-07-31T10:16:16.009Z [INFO] - Starting attendance data sync cycle... 
2025-07-31T10:16:16.012Z [ERROR] - Could not connect to the ZKTeco device. Skipping this sync cycle. 
2025-07-31T10:16:37.572Z [INFO] - Starting attendance data sync cycle... 
2025-07-31T10:16:37.575Z [ERROR] - Could not connect to the ZKTeco device. Skipping this sync cycle. 
2025-07-31T10:17:16.014Z [INFO] - Starting attendance data sync cycle... 
2025-07-31T10:17:16.017Z [ERROR] - Could not connect to the ZKTeco device. Skipping this sync cycle. 
2025-07-31T10:17:37.575Z [INFO] - Starting attendance data sync cycle... 
2025-07-31T10:17:37.578Z [ERROR] - Could not connect to the ZKTeco device. Skipping this sync cycle. 
2025-07-31T10:18:16.027Z [INFO] - Starting attendance data sync cycle... 
2025-07-31T10:18:16.030Z [ERROR] - Could not connect to the ZKTeco device. Skipping this sync cycle. 
2025-07-31T10:18:37.582Z [INFO] - Starting attendance data sync cycle... 
2025-07-31T10:18:37.585Z [ERROR] - Could not connect to the ZKTeco device. Skipping this sync cycle. 
2025-07-31T10:19:16.032Z [INFO] - Starting attendance data sync cycle... 
2025-07-31T10:19:16.036Z [ERROR] - Could not connect to the ZKTeco device. Skipping this sync cycle. 
2025-07-31T10:19:37.584Z [INFO] - Starting attendance data sync cycle... 
2025-07-31T10:19:37.588Z [ERROR] - Could not connect to the ZKTeco device. Skipping this sync cycle. 
2025-07-31T10:20:16.045Z [INFO] - Starting attendance data sync cycle... 
2025-07-31T10:20:16.048Z [ERROR] - Could not connect to the ZKTeco device. Skipping this sync cycle. 
2025-07-31T10:20:37.594Z [INFO] - Starting attendance data sync cycle... 
2025-07-31T10:20:37.597Z [ERROR] - Could not connect to the ZKTeco device. Skipping this sync cycle. 
2025-07-31T10:21:16.055Z [INFO] - Starting attendance data sync cycle... 
2025-07-31T10:21:16.058Z [ERROR] - Could not connect to the ZKTeco device. Skipping this sync cycle. 
2025-07-31T10:21:37.608Z [INFO] - Starting attendance data sync cycle... 
2025-07-31T10:21:37.611Z [ERROR] - Could not connect to the ZKTeco device. Skipping this sync cycle. 
2025-07-31T10:22:16.056Z [INFO] - Starting attendance data sync cycle... 
2025-07-31T10:22:16.060Z [ERROR] - Could not connect to the ZKTeco device. Skipping this sync cycle. 
2025-07-31T10:22:37.608Z [INFO] - Starting attendance data sync cycle... 
2025-07-31T10:22:37.611Z [ERROR] - Could not connect to the ZKTeco device. Skipping this sync cycle. 
2025-07-31T10:50:42.817Z [INFO] - Starting attendance data sync cycle... 
2025-07-31T10:50:42.839Z [ERROR] - Could not connect to the ZKTeco device. Skipping this sync cycle. 
2025-07-31T10:50:42.817Z [INFO] - Starting attendance data sync cycle... 
2025-07-31T10:50:43.093Z [ERROR] - Could not connect to the ZKTeco device. Skipping this sync cycle. 
2025-07-31T10:51:42.821Z [INFO] - Starting attendance data sync cycle... 
2025-07-31T10:51:42.821Z [INFO] - Starting attendance data sync cycle... 
2025-07-31T10:51:42.822Z [ERROR] - Could not connect to the ZKTeco device. Skipping this sync cycle. 
2025-07-31T10:51:42.822Z [ERROR] - Could not connect to the ZKTeco device. Skipping this sync cycle. 
2025-07-31T10:52:42.823Z [INFO] - Starting attendance data sync cycle... 
2025-07-31T10:52:42.823Z [INFO] - Starting attendance data sync cycle... 
2025-07-31T10:52:42.827Z [ERROR] - Could not connect to the ZKTeco device. Skipping this sync cycle. 
2025-07-31T10:52:42.827Z [ERROR] - Could not connect to the ZKTeco device. Skipping this sync cycle. 
2025-07-31T10:53:42.829Z [INFO] - Starting attendance data sync cycle... 
2025-07-31T10:53:42.829Z [INFO] - Starting attendance data sync cycle... 
2025-07-31T10:53:42.831Z [ERROR] - Could not connect to the ZKTeco device. Skipping this sync cycle. 
2025-07-31T10:53:42.832Z [ERROR] - Could not connect to the ZKTeco device. Skipping this sync cycle. 
2025-07-31T10:54:42.839Z [INFO] - Starting attendance data sync cycle... 
2025-07-31T10:54:42.839Z [INFO] - Starting attendance data sync cycle... 
2025-07-31T10:54:42.842Z [ERROR] - Could not connect to the ZKTeco device. Skipping this sync cycle. 
2025-07-31T10:54:42.843Z [ERROR] - Could not connect to the ZKTeco device. Skipping this sync cycle. 
2025-07-31T10:55:42.843Z [INFO] - Starting attendance data sync cycle... 
2025-07-31T10:55:42.843Z [INFO] - Starting attendance data sync cycle... 
2025-07-31T10:55:42.847Z [ERROR] - Could not connect to the ZKTeco device. Skipping this sync cycle. 
2025-07-31T10:55:42.847Z [ERROR] - Could not connect to the ZKTeco device. Skipping this sync cycle. 
2025-07-31T10:56:42.853Z [INFO] - Starting attendance data sync cycle... 
2025-07-31T10:56:42.853Z [INFO] - Starting attendance data sync cycle... 
2025-07-31T10:56:42.855Z [ERROR] - Could not connect to the ZKTeco device. Skipping this sync cycle. 
2025-07-31T10:56:42.855Z [ERROR] - Could not connect to the ZKTeco device. Skipping this sync cycle. 
2025-07-31T10:57:42.855Z [INFO] - Starting attendance data sync cycle... 
2025-07-31T10:57:42.855Z [INFO] - Starting attendance data sync cycle... 
2025-07-31T10:57:42.858Z [ERROR] - Could not connect to the ZKTeco device. Skipping this sync cycle. 
2025-07-31T10:57:42.859Z [ERROR] - Could not connect to the ZKTeco device. Skipping this sync cycle. 
2025-07-31T10:58:42.857Z [INFO] - Starting attendance data sync cycle... 
2025-07-31T10:58:42.857Z [INFO] - Starting attendance data sync cycle... 
2025-07-31T10:58:42.859Z [ERROR] - Could not connect to the ZKTeco device. Skipping this sync cycle. 
2025-07-31T10:58:42.859Z [ERROR] - Could not connect to the ZKTeco device. Skipping this sync cycle. 
2025-07-31T10:59:42.867Z [INFO] - Starting attendance data sync cycle... 
2025-07-31T10:59:42.867Z [INFO] - Starting attendance data sync cycle... 
2025-07-31T10:59:42.871Z [ERROR] - Could not connect to the ZKTeco device. Skipping this sync cycle. 
2025-07-31T10:59:42.871Z [ERROR] - Could not connect to the ZKTeco device. Skipping this sync cycle. 
2025-07-31T11:00:42.872Z [INFO] - Starting attendance data sync cycle... 
2025-07-31T11:00:42.872Z [INFO] - Starting attendance data sync cycle... 
2025-07-31T11:00:42.875Z [ERROR] - Could not connect to the ZKTeco device. Skipping this sync cycle. 
2025-07-31T11:00:42.877Z [ERROR] - Could not connect to the ZKTeco device. Skipping this sync cycle. 
2025-07-31T11:01:42.874Z [INFO] - Starting attendance data sync cycle... 
2025-07-31T11:01:42.874Z [INFO] - Starting attendance data sync cycle... 
2025-07-31T11:01:42.875Z [ERROR] - Could not connect to the ZKTeco device. Skipping this sync cycle. 
2025-07-31T11:01:42.875Z [ERROR] - Could not connect to the ZKTeco device. Skipping this sync cycle. 
2025-07-31T11:02:42.876Z [INFO] - Starting attendance data sync cycle... 
2025-07-31T11:02:42.876Z [INFO] - Starting attendance data sync cycle... 
2025-07-31T11:02:42.885Z [ERROR] - Could not connect to the ZKTeco device. Skipping this sync cycle. 
2025-07-31T11:02:42.885Z [ERROR] - Could not connect to the ZKTeco device. Skipping this sync cycle. 
2025-07-31T11:03:42.878Z [INFO] - Starting attendance data sync cycle... 
2025-07-31T11:03:42.878Z [INFO] - Starting attendance data sync cycle... 
2025-07-31T11:03:42.882Z [ERROR] - Could not connect to the ZKTeco device. Skipping this sync cycle. 
2025-07-31T11:03:42.882Z [ERROR] - Could not connect to the ZKTeco device. Skipping this sync cycle. 
2025-07-31T11:04:15.650Z [INFO] - Stopping service... 
2025-07-31T11:04:15.655Z [INFO] - Service stopped gracefully. 
2025-07-31T11:04:42.890Z [INFO] - Starting attendance data sync cycle... 
2025-07-31T11:04:42.895Z [ERROR] - Could not connect to the ZKTeco device. Skipping this sync cycle. 
2025-07-31T11:05:42.904Z [INFO] - Starting attendance data sync cycle... 
2025-07-31T11:05:42.906Z [ERROR] - Could not connect to the ZKTeco device. Skipping this sync cycle. 
2025-07-31T11:06:42.908Z [INFO] - Starting attendance data sync cycle... 
2025-07-31T11:06:42.912Z [ERROR] - Could not connect to the ZKTeco device. Skipping this sync cycle. 
2025-07-31T11:07:42.912Z [INFO] - Starting attendance data sync cycle... 
2025-07-31T11:07:42.915Z [ERROR] - Could not connect to the ZKTeco device. Skipping this sync cycle. 
2025-07-31T11:08:42.922Z [INFO] - Starting attendance data sync cycle... 
2025-07-31T11:08:42.924Z [ERROR] - Could not connect to the ZKTeco device. Skipping this sync cycle. 
2025-07-31T11:09:42.929Z [INFO] - Starting attendance data sync cycle... 
2025-07-31T11:09:42.932Z [ERROR] - Could not connect to the ZKTeco device. Skipping this sync cycle. 
2025-07-31T11:10:42.930Z [INFO] - Starting attendance data sync cycle... 
2025-07-31T11:10:42.934Z [ERROR] - Could not connect to the ZKTeco device. Skipping this sync cycle. 
2025-07-31T11:11:42.940Z [INFO] - Starting attendance data sync cycle... 
2025-07-31T11:11:42.943Z [ERROR] - Could not connect to the ZKTeco device. Skipping this sync cycle. 
2025-07-31T11:12:13.083Z [INFO] - K50-HRM Integration service initialized. 
2025-07-31T11:12:13.087Z [INFO] - Starting ZKTeco-K50-HRM-Service... 
2025-07-31T11:12:13.088Z [INFO] - Starting attendance data sync cycle... 
2025-07-31T11:12:13.091Z [ERROR] - Could not connect to the ZKTeco device. Skipping this sync cycle. 
2025-07-31T11:12:13.092Z [INFO] - Service started. Sync will run every 60 seconds. 
2025-07-31T11:12:42.947Z [INFO] - Starting attendance data sync cycle... 
2025-07-31T11:12:42.950Z [ERROR] - Could not connect to the ZKTeco device. Skipping this sync cycle. 
2025-07-31T11:13:13.097Z [INFO] - Starting attendance data sync cycle... 
2025-07-31T11:13:17.641Z [ERROR] - Could not connect to the ZKTeco device. Skipping this sync cycle. 
2025-07-31T11:13:42.955Z [INFO] - Starting attendance data sync cycle... 
2025-07-31T11:13:42.958Z [ERROR] - Could not connect to the ZKTeco device. Skipping this sync cycle. 
2025-07-31T11:14:13.106Z [INFO] - Starting attendance data sync cycle... 
2025-07-31T11:14:13.113Z [ERROR] - Could not connect to the ZKTeco device. Skipping this sync cycle. 
2025-07-31T11:14:42.962Z [INFO] - Starting attendance data sync cycle... 
2025-07-31T11:14:42.964Z [ERROR] - Could not connect to the ZKTeco device. Skipping this sync cycle. 
2025-07-31T11:15:13.109Z [INFO] - Starting attendance data sync cycle... 
2025-07-31T11:15:13.112Z [ERROR] - Could not connect to the ZKTeco device. Skipping this sync cycle. 
2025-07-31T11:15:42.974Z [INFO] - Starting attendance data sync cycle... 
2025-07-31T11:15:42.978Z [ERROR] - Could not connect to the ZKTeco device. Skipping this sync cycle. 
2025-07-31T11:16:13.114Z [INFO] - Starting attendance data sync cycle... 
2025-07-31T11:16:13.118Z [ERROR] - Could not connect to the ZKTeco device. Skipping this sync cycle. 
2025-07-31T11:16:42.984Z [INFO] - Starting attendance data sync cycle... 
2025-07-31T11:16:42.988Z [ERROR] - Could not connect to the ZKTeco device. Skipping this sync cycle. 
2025-07-31T11:17:13.129Z [INFO] - Starting attendance data sync cycle... 
2025-07-31T11:17:13.131Z [ERROR] - Could not connect to the ZKTeco device. Skipping this sync cycle. 
2025-07-31T11:17:42.998Z [INFO] - Starting attendance data sync cycle... 
2025-07-31T11:17:43.001Z [ERROR] - Could not connect to the ZKTeco device. Skipping this sync cycle. 
2025-07-31T11:17:57.546Z [INFO] - K50-HRM Integration service initialized. 
2025-07-31T11:17:57.550Z [INFO] - Starting ZKTeco-K50-HRM-Service... 
2025-07-31T11:17:57.551Z [INFO] - Starting attendance data sync cycle... 
2025-07-31T11:17:57.552Z [ERROR] - Could not connect to the ZKTeco device. Skipping this sync cycle. 
2025-07-31T11:17:57.553Z [INFO] - Service started. Sync will run every 60 seconds. 
2025-07-31T11:18:13.137Z [INFO] - Starting attendance data sync cycle... 
2025-07-31T11:18:13.140Z [ERROR] - Could not connect to the ZKTeco device. Skipping this sync cycle. 
2025-07-31T11:18:43.011Z [INFO] - Starting attendance data sync cycle... 
2025-07-31T11:18:43.013Z [ERROR] - Could not connect to the ZKTeco device. Skipping this sync cycle. 
2025-07-31T11:18:57.561Z [INFO] - Starting attendance data sync cycle... 
2025-07-31T11:18:57.564Z [ERROR] - Could not connect to the ZKTeco device. Skipping this sync cycle. 
2025-07-31T11:19:13.148Z [INFO] - Starting attendance data sync cycle... 
2025-07-31T11:19:13.151Z [ERROR] - Could not connect to the ZKTeco device. Skipping this sync cycle. 
2025-07-31T11:19:43.016Z [INFO] - Starting attendance data sync cycle... 
2025-07-31T11:19:43.019Z [ERROR] - Could not connect to the ZKTeco device. Skipping this sync cycle. 
2025-07-31T11:19:57.569Z [INFO] - Starting attendance data sync cycle... 
2025-07-31T11:19:57.573Z [ERROR] - Could not connect to the ZKTeco device. Skipping this sync cycle. 
2025-07-31T11:20:13.150Z [INFO] - Starting attendance data sync cycle... 
2025-07-31T11:20:13.154Z [ERROR] - Could not connect to the ZKTeco device. Skipping this sync cycle. 
2025-07-31T11:20:43.026Z [INFO] - Starting attendance data sync cycle... 
2025-07-31T11:20:43.027Z [ERROR] - Could not connect to the ZKTeco device. Skipping this sync cycle. 
2025-07-31T11:20:57.570Z [INFO] - Starting attendance data sync cycle... 
2025-07-31T11:20:57.573Z [ERROR] - Could not connect to the ZKTeco device. Skipping this sync cycle. 
2025-07-31T11:21:13.163Z [INFO] - Starting attendance data sync cycle... 
2025-07-31T11:21:13.169Z [ERROR] - Could not connect to the ZKTeco device. Skipping this sync cycle. 
2025-07-31T11:21:43.028Z [INFO] - Starting attendance data sync cycle... 
2025-07-31T11:21:43.032Z [ERROR] - Could not connect to the ZKTeco device. Skipping this sync cycle. 
2025-07-31T11:21:57.575Z [INFO] - Starting attendance data sync cycle... 
2025-07-31T11:21:57.578Z [ERROR] - Could not connect to the ZKTeco device. Skipping this sync cycle. 
2025-07-31T11:22:13.177Z [INFO] - Starting attendance data sync cycle... 
2025-07-31T11:22:13.182Z [ERROR] - Could not connect to the ZKTeco device. Skipping this sync cycle. 
2025-07-31T11:22:43.037Z [INFO] - Starting attendance data sync cycle... 
2025-07-31T11:22:43.039Z [ERROR] - Could not connect to the ZKTeco device. Skipping this sync cycle. 
2025-07-31T11:22:57.582Z [INFO] - Starting attendance data sync cycle... 
2025-07-31T11:22:57.584Z [ERROR] - Could not connect to the ZKTeco device. Skipping this sync cycle. 
2025-07-31T11:23:13.183Z [INFO] - Starting attendance data sync cycle... 
2025-07-31T11:23:13.188Z [ERROR] - Could not connect to the ZKTeco device. Skipping this sync cycle. 
2025-07-31T11:23:43.041Z [INFO] - Starting attendance data sync cycle... 
2025-07-31T11:23:43.045Z [ERROR] - Could not connect to the ZKTeco device. Skipping this sync cycle. 
2025-07-31T11:23:57.592Z [INFO] - Starting attendance data sync cycle... 
2025-07-31T11:23:57.595Z [ERROR] - Could not connect to the ZKTeco device. Skipping this sync cycle. 
2025-07-31T11:24:13.185Z [INFO] - Starting attendance data sync cycle... 
2025-07-31T11:24:13.191Z [ERROR] - Could not connect to the ZKTeco device. Skipping this sync cycle. 
2025-07-31T11:24:43.051Z [INFO] - Starting attendance data sync cycle... 
2025-07-31T11:24:43.052Z [ERROR] - Could not connect to the ZKTeco device. Skipping this sync cycle. 
2025-07-31T11:24:57.600Z [INFO] - Starting attendance data sync cycle... 
2025-07-31T11:24:57.603Z [ERROR] - Could not connect to the ZKTeco device. Skipping this sync cycle. 
2025-07-31T11:25:13.200Z [INFO] - Starting attendance data sync cycle... 
2025-07-31T11:25:13.205Z [ERROR] - Could not connect to the ZKTeco device. Skipping this sync cycle. 
2025-07-31T11:25:43.053Z [INFO] - Starting attendance data sync cycle... 
2025-07-31T11:25:43.056Z [ERROR] - Could not connect to the ZKTeco device. Skipping this sync cycle. 
2025-07-31T11:25:57.612Z [INFO] - Starting attendance data sync cycle... 
2025-07-31T11:25:57.616Z [ERROR] - Could not connect to the ZKTeco device. Skipping this sync cycle. 
2025-07-31T11:26:13.208Z [INFO] - Starting attendance data sync cycle... 
2025-07-31T11:26:13.214Z [ERROR] - Could not connect to the ZKTeco device. Skipping this sync cycle. 
2025-07-31T11:26:43.066Z [INFO] - Starting attendance data sync cycle... 
2025-07-31T11:26:43.068Z [ERROR] - Could not connect to the ZKTeco device. Skipping this sync cycle. 
2025-07-31T11:26:57.616Z [INFO] - Starting attendance data sync cycle... 
2025-07-31T11:26:57.619Z [ERROR] - Could not connect to the ZKTeco device. Skipping this sync cycle. 
2025-07-31T11:27:13.213Z [INFO] - Starting attendance data sync cycle... 
2025-07-31T11:27:13.218Z [ERROR] - Could not connect to the ZKTeco device. Skipping this sync cycle. 
2025-07-31T11:27:43.081Z [INFO] - Starting attendance data sync cycle... 
2025-07-31T11:27:43.085Z [ERROR] - Could not connect to the ZKTeco device. Skipping this sync cycle. 
2025-07-31T11:27:57.623Z [INFO] - Starting attendance data sync cycle... 
2025-07-31T11:27:57.626Z [ERROR] - Could not connect to the ZKTeco device. Skipping this sync cycle. 
2025-07-31T11:28:13.213Z [INFO] - Starting attendance data sync cycle... 
2025-07-31T11:28:13.218Z [ERROR] - Could not connect to the ZKTeco device. Skipping this sync cycle. 
2025-07-31T11:28:43.094Z [INFO] - Starting attendance data sync cycle... 
2025-07-31T11:28:43.097Z [ERROR] - Could not connect to the ZKTeco device. Skipping this sync cycle. 
2025-07-31T11:28:57.625Z [INFO] - Starting attendance data sync cycle... 
2025-07-31T11:28:57.628Z [ERROR] - Could not connect to the ZKTeco device. Skipping this sync cycle. 
2025-07-31T11:29:13.213Z [INFO] - Starting attendance data sync cycle... 
2025-07-31T11:29:13.219Z [ERROR] - Could not connect to the ZKTeco device. Skipping this sync cycle. 
2025-07-31T11:29:43.103Z [INFO] - Starting attendance data sync cycle... 
2025-07-31T11:29:43.107Z [ERROR] - Could not connect to the ZKTeco device. Skipping this sync cycle. 
2025-07-31T13:17:17.657Z [INFO] - Starting attendance data sync cycle... 
2025-07-31T13:17:17.652Z [INFO] - Starting attendance data sync cycle... 
2025-07-31T13:17:17.658Z [INFO] - Starting attendance data sync cycle... 
2025-07-31T13:17:18.483Z [ERROR] - Could not connect to the ZKTeco device. Skipping this sync cycle. 
2025-07-31T13:17:19.138Z [ERROR] - Could not connect to the ZKTeco device. Skipping this sync cycle. 
2025-07-31T13:17:19.139Z [ERROR] - Could not connect to the ZKTeco device. Skipping this sync cycle. 
2025-07-31T13:18:17.664Z [INFO] - Starting attendance data sync cycle... 
2025-07-31T13:18:17.664Z [INFO] - Starting attendance data sync cycle... 
2025-07-31T13:18:17.664Z [INFO] - Starting attendance data sync cycle... 
2025-07-31T13:18:17.665Z [ERROR] - Could not connect to the ZKTeco device. Skipping this sync cycle. 
2025-07-31T13:18:17.666Z [ERROR] - Could not connect to the ZKTeco device. Skipping this sync cycle. 
2025-07-31T13:18:17.668Z [ERROR] - Could not connect to the ZKTeco device. Skipping this sync cycle. 
2025-07-31T13:19:17.666Z [INFO] - Starting attendance data sync cycle... 
2025-07-31T13:19:17.666Z [INFO] - Starting attendance data sync cycle... 
2025-07-31T13:19:17.666Z [INFO] - Starting attendance data sync cycle... 
2025-07-31T13:19:17.671Z [ERROR] - Could not connect to the ZKTeco device. Skipping this sync cycle. 
2025-07-31T13:19:17.671Z [ERROR] - Could not connect to the ZKTeco device. Skipping this sync cycle. 
2025-07-31T13:19:17.679Z [ERROR] - Could not connect to the ZKTeco device. Skipping this sync cycle. 
2025-07-31T13:20:17.675Z [INFO] - Starting attendance data sync cycle... 
2025-07-31T13:20:17.675Z [INFO] - Starting attendance data sync cycle... 
2025-07-31T13:20:17.675Z [INFO] - Starting attendance data sync cycle... 
2025-07-31T13:20:17.681Z [ERROR] - Could not connect to the ZKTeco device. Skipping this sync cycle. 
2025-07-31T13:20:17.683Z [ERROR] - Could not connect to the ZKTeco device. Skipping this sync cycle. 
2025-07-31T13:20:17.697Z [ERROR] - Could not connect to the ZKTeco device. Skipping this sync cycle. 
2025-07-31T13:21:17.677Z [INFO] - Starting attendance data sync cycle... 
2025-07-31T13:21:17.677Z [INFO] - Starting attendance data sync cycle... 
2025-07-31T13:21:17.677Z [INFO] - Starting attendance data sync cycle... 
2025-07-31T13:21:17.681Z [ERROR] - Could not connect to the ZKTeco device. Skipping this sync cycle. 
2025-07-31T13:21:17.683Z [ERROR] - Could not connect to the ZKTeco device. Skipping this sync cycle. 
2025-07-31T13:21:17.691Z [ERROR] - Could not connect to the ZKTeco device. Skipping this sync cycle. 
2025-07-31T13:22:17.685Z [INFO] - Starting attendance data sync cycle... 
2025-07-31T13:22:17.685Z [INFO] - Starting attendance data sync cycle... 
2025-07-31T13:22:17.685Z [INFO] - Starting attendance data sync cycle... 
2025-07-31T13:22:17.691Z [ERROR] - Could not connect to the ZKTeco device. Skipping this sync cycle. 
2025-07-31T13:22:17.692Z [ERROR] - Could not connect to the ZKTeco device. Skipping this sync cycle. 
2025-07-31T13:22:17.697Z [ERROR] - Could not connect to the ZKTeco device. Skipping this sync cycle. 
2025-07-31T13:23:17.688Z [INFO] - Starting attendance data sync cycle... 
2025-07-31T13:23:17.688Z [INFO] - Starting attendance data sync cycle... 
2025-07-31T13:23:17.688Z [INFO] - Starting attendance data sync cycle... 
2025-07-31T13:23:17.692Z [ERROR] - Could not connect to the ZKTeco device. Skipping this sync cycle. 
2025-07-31T13:23:17.696Z [ERROR] - Could not connect to the ZKTeco device. Skipping this sync cycle. 
2025-07-31T13:23:17.703Z [ERROR] - Could not connect to the ZKTeco device. Skipping this sync cycle. 
2025-07-31T13:24:17.695Z [INFO] - Starting attendance data sync cycle... 
2025-07-31T13:24:17.695Z [INFO] - Starting attendance data sync cycle... 
2025-07-31T13:24:17.695Z [INFO] - Starting attendance data sync cycle... 
2025-07-31T13:24:17.699Z [ERROR] - Could not connect to the ZKTeco device. Skipping this sync cycle. 
2025-07-31T13:24:17.702Z [ERROR] - Could not connect to the ZKTeco device. Skipping this sync cycle. 
2025-07-31T13:24:17.709Z [ERROR] - Could not connect to the ZKTeco device. Skipping this sync cycle. 
2025-07-31T13:25:17.700Z [INFO] - Starting attendance data sync cycle... 
2025-07-31T13:25:17.700Z [INFO] - Starting attendance data sync cycle... 
2025-07-31T13:25:17.700Z [INFO] - Starting attendance data sync cycle... 
2025-07-31T13:25:17.702Z [ERROR] - Could not connect to the ZKTeco device. Skipping this sync cycle. 
2025-07-31T13:25:17.702Z [ERROR] - Could not connect to the ZKTeco device. Skipping this sync cycle. 
2025-07-31T13:25:17.708Z [ERROR] - Could not connect to the ZKTeco device. Skipping this sync cycle. 
2025-07-31T13:26:17.713Z [INFO] - Starting attendance data sync cycle... 
2025-07-31T13:26:17.713Z [INFO] - Starting attendance data sync cycle... 
2025-07-31T13:26:17.713Z [INFO] - Starting attendance data sync cycle... 
2025-07-31T13:26:17.717Z [ERROR] - Could not connect to the ZKTeco device. Skipping this sync cycle. 
2025-07-31T13:26:17.719Z [ERROR] - Could not connect to the ZKTeco device. Skipping this sync cycle. 
2025-07-31T13:26:17.727Z [ERROR] - Could not connect to the ZKTeco device. Skipping this sync cycle. 
2025-07-31T13:27:17.723Z [INFO] - Starting attendance data sync cycle... 
2025-07-31T13:27:17.723Z [INFO] - Starting attendance data sync cycle... 
2025-07-31T13:27:17.723Z [INFO] - Starting attendance data sync cycle... 
2025-07-31T13:27:17.727Z [ERROR] - Could not connect to the ZKTeco device. Skipping this sync cycle. 
2025-07-31T13:27:17.726Z [ERROR] - Could not connect to the ZKTeco device. Skipping this sync cycle. 
2025-07-31T13:27:17.732Z [ERROR] - Could not connect to the ZKTeco device. Skipping this sync cycle. 
2025-07-31T13:28:17.737Z [INFO] - Starting attendance data sync cycle... 
2025-07-31T13:28:17.737Z [INFO] - Starting attendance data sync cycle... 
2025-07-31T13:28:17.737Z [INFO] - Starting attendance data sync cycle... 
2025-07-31T13:28:17.742Z [ERROR] - Could not connect to the ZKTeco device. Skipping this sync cycle. 
2025-07-31T13:28:17.743Z [ERROR] - Could not connect to the ZKTeco device. Skipping this sync cycle. 
2025-07-31T13:28:17.751Z [ERROR] - Could not connect to the ZKTeco device. Skipping this sync cycle. 
2025-07-31T13:29:17.743Z [INFO] - Starting attendance data sync cycle... 
2025-07-31T13:29:17.743Z [INFO] - Starting attendance data sync cycle... 
2025-07-31T13:29:17.743Z [INFO] - Starting attendance data sync cycle... 
2025-07-31T13:29:17.747Z [ERROR] - Could not connect to the ZKTeco device. Skipping this sync cycle. 
2025-07-31T13:29:17.750Z [ERROR] - Could not connect to the ZKTeco device. Skipping this sync cycle. 
2025-07-31T13:29:17.757Z [ERROR] - Could not connect to the ZKTeco device. Skipping this sync cycle. 
2025-07-31T13:30:17.755Z [INFO] - Starting attendance data sync cycle... 
2025-07-31T13:30:17.755Z [INFO] - Starting attendance data sync cycle... 
2025-07-31T13:30:17.758Z [ERROR] - Could not connect to the ZKTeco device. Skipping this sync cycle. 
2025-07-31T13:30:17.760Z [ERROR] - Could not connect to the ZKTeco device. Skipping this sync cycle. 
2025-07-31T13:31:17.759Z [INFO] - Starting attendance data sync cycle... 
2025-07-31T13:31:17.759Z [INFO] - Starting attendance data sync cycle... 
2025-07-31T13:31:17.761Z [ERROR] - Could not connect to the ZKTeco device. Skipping this sync cycle. 
2025-07-31T13:31:17.761Z [ERROR] - Could not connect to the ZKTeco device. Skipping this sync cycle. 
2025-07-31T13:32:17.769Z [INFO] - Starting attendance data sync cycle... 
2025-07-31T13:32:17.769Z [INFO] - Starting attendance data sync cycle... 
2025-07-31T13:32:17.772Z [ERROR] - Could not connect to the ZKTeco device. Skipping this sync cycle. 
2025-07-31T13:32:17.772Z [ERROR] - Could not connect to the ZKTeco device. Skipping this sync cycle. 
2025-07-31T13:33:17.770Z [INFO] - Starting attendance data sync cycle... 
2025-07-31T13:33:17.770Z [INFO] - Starting attendance data sync cycle... 
2025-07-31T13:33:17.773Z [ERROR] - Could not connect to the ZKTeco device. Skipping this sync cycle. 
2025-07-31T13:33:17.773Z [ERROR] - Could not connect to the ZKTeco device. Skipping this sync cycle. 
2025-08-06T07:40:23.108Z [INFO] - K50-HRM Integration service initialized. 
2025-08-06T07:40:23.111Z [INFO] - Starting ZKTeco-K50-HRM-Service... 
2025-08-06T07:40:23.113Z [INFO] - Starting attendance data sync cycle... 
2025-08-06T07:40:23.114Z [ERROR] - Could not connect to the ZKTeco device. Skipping this sync cycle. 
2025-08-06T07:40:23.115Z [INFO] - Service started. Sync will run every 60 seconds. 
2025-08-06T07:41:23.118Z [INFO] - Starting attendance data sync cycle... 
2025-08-06T07:41:23.120Z [ERROR] - Could not connect to the ZKTeco device. Skipping this sync cycle. 
2025-08-06T07:42:23.133Z [INFO] - Starting attendance data sync cycle... 
2025-08-06T07:42:23.136Z [ERROR] - Could not connect to the ZKTeco device. Skipping this sync cycle. 
2025-08-06T07:43:23.138Z [INFO] - Starting attendance data sync cycle... 
2025-08-06T07:43:23.141Z [ERROR] - Could not connect to the ZKTeco device. Skipping this sync cycle. 
2025-08-06T07:44:23.148Z [INFO] - Starting attendance data sync cycle... 
2025-08-06T07:44:23.171Z [ERROR] - Could not connect to the ZKTeco device. Skipping this sync cycle. 
2025-08-06T07:45:23.162Z [INFO] - Starting attendance data sync cycle... 
2025-08-06T07:45:23.164Z [ERROR] - Could not connect to the ZKTeco device. Skipping this sync cycle. 
2025-08-06T07:46:23.177Z [INFO] - Starting attendance data sync cycle... 
2025-08-06T07:46:23.178Z [ERROR] - Could not connect to the ZKTeco device. Skipping this sync cycle. 
2025-08-06T07:47:23.185Z [INFO] - Starting attendance data sync cycle... 
2025-08-06T07:47:23.189Z [ERROR] - Could not connect to the ZKTeco device. Skipping this sync cycle. 
2025-08-06T07:48:23.190Z [INFO] - Starting attendance data sync cycle... 
2025-08-06T07:48:23.194Z [ERROR] - Could not connect to the ZKTeco device. Skipping this sync cycle. 
2025-08-06T07:49:23.199Z [INFO] - Starting attendance data sync cycle... 
2025-08-06T07:49:23.204Z [ERROR] - Could not connect to the ZKTeco device. Skipping this sync cycle. 
2025-08-06T07:50:23.214Z [INFO] - Starting attendance data sync cycle... 
2025-08-06T07:50:23.220Z [ERROR] - Could not connect to the ZKTeco device. Skipping this sync cycle. 
2025-08-06T07:51:23.220Z [INFO] - Starting attendance data sync cycle... 
2025-08-06T07:51:23.225Z [ERROR] - Could not connect to the ZKTeco device. Skipping this sync cycle. 
2025-08-06T07:52:23.224Z [INFO] - Starting attendance data sync cycle... 
2025-08-06T07:52:23.226Z [ERROR] - Could not connect to the ZKTeco device. Skipping this sync cycle. 
2025-08-06T07:53:23.231Z [INFO] - Starting attendance data sync cycle... 
2025-08-06T07:53:23.233Z [ERROR] - Could not connect to the ZKTeco device. Skipping this sync cycle. 
2025-08-06T07:54:23.246Z [INFO] - Starting attendance data sync cycle... 
2025-08-06T07:54:23.252Z [ERROR] - Could not connect to the ZKTeco device. Skipping this sync cycle. 
2025-08-06T07:55:23.252Z [INFO] - Starting attendance data sync cycle... 
2025-08-06T07:55:23.254Z [ERROR] - Could not connect to the ZKTeco device. Skipping this sync cycle. 
2025-08-06T07:56:23.259Z [INFO] - Starting attendance data sync cycle... 
2025-08-06T07:56:23.264Z [ERROR] - Could not connect to the ZKTeco device. Skipping this sync cycle. 
2025-08-06T07:57:23.261Z [INFO] - Starting attendance data sync cycle... 
2025-08-06T07:57:23.267Z [ERROR] - Could not connect to the ZKTeco device. Skipping this sync cycle. 
2025-08-06T07:58:23.269Z [INFO] - Starting attendance data sync cycle... 
2025-08-06T07:58:23.274Z [ERROR] - Could not connect to the ZKTeco device. Skipping this sync cycle. 
2025-08-06T07:59:23.282Z [INFO] - Starting attendance data sync cycle... 
2025-08-06T07:59:23.285Z [ERROR] - Could not connect to the ZKTeco device. Skipping this sync cycle. 
2025-08-06T08:00:23.286Z [INFO] - Starting attendance data sync cycle... 
2025-08-06T08:00:23.289Z [ERROR] - Could not connect to the ZKTeco device. Skipping this sync cycle. 
2025-08-06T08:01:23.300Z [INFO] - Starting attendance data sync cycle... 
2025-08-06T08:01:23.309Z [ERROR] - Could not connect to the ZKTeco device. Skipping this sync cycle. 
2025-08-06T08:02:23.305Z [INFO] - Starting attendance data sync cycle... 
2025-08-06T08:02:23.310Z [ERROR] - Could not connect to the ZKTeco device. Skipping this sync cycle. 
2025-08-06T08:03:23.311Z [INFO] - Starting attendance data sync cycle... 
2025-08-06T08:03:23.314Z [ERROR] - Could not connect to the ZKTeco device. Skipping this sync cycle. 
2025-08-06T08:04:23.312Z [INFO] - Starting attendance data sync cycle... 
2025-08-06T08:04:23.317Z [ERROR] - Could not connect to the ZKTeco device. Skipping this sync cycle. 
2025-08-06T08:05:23.323Z [INFO] - Starting attendance data sync cycle... 
2025-08-06T08:05:23.324Z [ERROR] - Could not connect to the ZKTeco device. Skipping this sync cycle. 
2025-08-06T08:06:23.323Z [INFO] - Starting attendance data sync cycle... 
2025-08-06T08:06:23.328Z [ERROR] - Could not connect to the ZKTeco device. Skipping this sync cycle. 
2025-08-06T08:07:23.336Z [INFO] - Starting attendance data sync cycle... 
2025-08-06T08:07:23.340Z [ERROR] - Could not connect to the ZKTeco device. Skipping this sync cycle. 
2025-08-06T08:08:23.347Z [INFO] - Starting attendance data sync cycle... 
2025-08-06T08:08:23.351Z [ERROR] - Could not connect to the ZKTeco device. Skipping this sync cycle. 
2025-08-06T08:09:23.349Z [INFO] - Starting attendance data sync cycle... 
2025-08-06T08:09:23.352Z [ERROR] - Could not connect to the ZKTeco device. Skipping this sync cycle. 
2025-08-06T08:10:23.360Z [INFO] - Starting attendance data sync cycle... 
2025-08-06T08:10:23.368Z [ERROR] - Could not connect to the ZKTeco device. Skipping this sync cycle. 
2025-08-06T08:11:23.370Z [INFO] - Starting attendance data sync cycle... 
2025-08-06T08:11:23.373Z [ERROR] - Could not connect to the ZKTeco device. Skipping this sync cycle. 
2025-08-06T08:12:23.373Z [INFO] - Starting attendance data sync cycle... 
2025-08-06T08:12:23.379Z [ERROR] - Could not connect to the ZKTeco device. Skipping this sync cycle. 
2025-08-06T08:13:23.379Z [INFO] - Starting attendance data sync cycle... 
2025-08-06T08:13:23.384Z [ERROR] - Could not connect to the ZKTeco device. Skipping this sync cycle. 
2025-08-06T08:14:23.391Z [INFO] - Starting attendance data sync cycle... 
2025-08-06T08:14:23.396Z [ERROR] - Could not connect to the ZKTeco device. Skipping this sync cycle. 
2025-08-06T08:15:23.405Z [INFO] - Starting attendance data sync cycle... 
2025-08-06T08:15:23.409Z [ERROR] - Could not connect to the ZKTeco device. Skipping this sync cycle. 
2025-08-06T08:16:23.411Z [INFO] - Starting attendance data sync cycle... 
2025-08-06T08:16:23.414Z [ERROR] - Could not connect to the ZKTeco device. Skipping this sync cycle. 
2025-08-06T08:17:23.417Z [INFO] - Starting attendance data sync cycle... 
2025-08-06T08:17:23.418Z [ERROR] - Could not connect to the ZKTeco device. Skipping this sync cycle. 
2025-08-06T08:18:23.421Z [INFO] - Starting attendance data sync cycle... 
2025-08-06T08:18:23.422Z [ERROR] - Could not connect to the ZKTeco device. Skipping this sync cycle. 
2025-08-06T08:19:23.431Z [INFO] - Starting attendance data sync cycle... 
2025-08-06T08:19:23.434Z [ERROR] - Could not connect to the ZKTeco device. Skipping this sync cycle. 
2025-08-06T08:20:23.445Z [INFO] - Starting attendance data sync cycle... 
2025-08-06T08:20:23.448Z [ERROR] - Could not connect to the ZKTeco device. Skipping this sync cycle. 
2025-08-06T08:21:23.458Z [INFO] - Starting attendance data sync cycle... 
2025-08-06T08:21:23.460Z [ERROR] - Could not connect to the ZKTeco device. Skipping this sync cycle. 
2025-08-06T08:22:23.460Z [INFO] - Starting attendance data sync cycle... 
2025-08-06T08:22:23.465Z [ERROR] - Could not connect to the ZKTeco device. Skipping this sync cycle. 
2025-08-06T08:23:23.473Z [INFO] - Starting attendance data sync cycle... 
2025-08-06T08:23:23.476Z [ERROR] - Could not connect to the ZKTeco device. Skipping this sync cycle. 
2025-08-06T08:24:23.483Z [INFO] - Starting attendance data sync cycle... 
2025-08-06T08:24:23.485Z [ERROR] - Could not connect to the ZKTeco device. Skipping this sync cycle. 
2025-08-06T08:25:23.490Z [INFO] - Starting attendance data sync cycle... 
2025-08-06T08:25:23.492Z [ERROR] - Could not connect to the ZKTeco device. Skipping this sync cycle. 
2025-08-06T08:26:23.496Z [INFO] - Starting attendance data sync cycle... 
2025-08-06T08:26:23.501Z [ERROR] - Could not connect to the ZKTeco device. Skipping this sync cycle. 
2025-08-06T08:27:23.496Z [INFO] - Starting attendance data sync cycle... 
2025-08-06T08:27:23.498Z [ERROR] - Could not connect to the ZKTeco device. Skipping this sync cycle. 
2025-08-06T08:28:23.502Z [INFO] - Starting attendance data sync cycle... 
2025-08-06T08:28:23.507Z [ERROR] - Could not connect to the ZKTeco device. Skipping this sync cycle. 
2025-08-06T08:29:23.509Z [INFO] - Starting attendance data sync cycle... 
2025-08-06T08:29:23.514Z [ERROR] - Could not connect to the ZKTeco device. Skipping this sync cycle. 
2025-08-06T08:30:23.514Z [INFO] - Starting attendance data sync cycle... 
2025-08-06T08:30:23.518Z [ERROR] - Could not connect to the ZKTeco device. Skipping this sync cycle. 
2025-08-06T08:31:23.519Z [INFO] - Starting attendance data sync cycle... 
2025-08-06T08:31:23.522Z [ERROR] - Could not connect to the ZKTeco device. Skipping this sync cycle. 
2025-08-06T08:32:23.524Z [INFO] - Starting attendance data sync cycle... 
2025-08-06T08:32:23.530Z [ERROR] - Could not connect to the ZKTeco device. Skipping this sync cycle. 
2025-08-06T08:33:23.536Z [INFO] - Starting attendance data sync cycle... 
2025-08-06T08:33:23.540Z [ERROR] - Could not connect to the ZKTeco device. Skipping this sync cycle. 
2025-08-06T08:34:23.541Z [INFO] - Starting attendance data sync cycle... 
2025-08-06T08:34:23.546Z [ERROR] - Could not connect to the ZKTeco device. Skipping this sync cycle. 
2025-08-06T08:35:23.545Z [INFO] - Starting attendance data sync cycle... 
2025-08-06T08:35:23.550Z [ERROR] - Could not connect to the ZKTeco device. Skipping this sync cycle. 
2025-08-06T08:36:23.558Z [INFO] - Starting attendance data sync cycle... 
2025-08-06T08:36:23.561Z [ERROR] - Could not connect to the ZKTeco device. Skipping this sync cycle. 
2025-08-06T08:37:23.559Z [INFO] - Starting attendance data sync cycle... 
2025-08-06T08:37:23.564Z [ERROR] - Could not connect to the ZKTeco device. Skipping this sync cycle. 
2025-08-06T08:38:23.560Z [INFO] - Starting attendance data sync cycle... 
2025-08-06T08:38:23.563Z [ERROR] - Could not connect to the ZKTeco device. Skipping this sync cycle. 
2025-08-06T08:39:23.567Z [INFO] - Starting attendance data sync cycle... 
2025-08-06T08:39:23.574Z [ERROR] - Could not connect to the ZKTeco device. Skipping this sync cycle. 
2025-08-06T08:40:23.572Z [INFO] - Starting attendance data sync cycle... 
2025-08-06T08:40:23.576Z [ERROR] - Could not connect to the ZKTeco device. Skipping this sync cycle. 
2025-08-06T08:41:23.580Z [INFO] - Starting attendance data sync cycle... 
2025-08-06T08:41:23.583Z [ERROR] - Could not connect to the ZKTeco device. Skipping this sync cycle. 
2025-08-06T08:42:23.592Z [INFO] - Starting attendance data sync cycle... 
2025-08-06T08:42:23.595Z [ERROR] - Could not connect to the ZKTeco device. Skipping this sync cycle. 
2025-08-06T08:43:23.602Z [INFO] - Starting attendance data sync cycle... 
2025-08-06T08:43:23.603Z [ERROR] - Could not connect to the ZKTeco device. Skipping this sync cycle. 
2025-08-06T08:44:23.613Z [INFO] - Starting attendance data sync cycle... 
2025-08-06T08:44:23.624Z [ERROR] - Could not connect to the ZKTeco device. Skipping this sync cycle. 
2025-08-06T08:45:23.618Z [INFO] - Starting attendance data sync cycle... 
2025-08-06T08:45:23.623Z [ERROR] - Could not connect to the ZKTeco device. Skipping this sync cycle. 
2025-08-06T08:46:23.620Z [INFO] - Starting attendance data sync cycle... 
2025-08-06T08:46:23.623Z [ERROR] - Could not connect to the ZKTeco device. Skipping this sync cycle. 
2025-08-06T08:47:23.629Z [INFO] - Starting attendance data sync cycle... 
2025-08-06T08:47:23.634Z [ERROR] - Could not connect to the ZKTeco device. Skipping this sync cycle. 
2025-08-06T08:48:23.643Z [INFO] - Starting attendance data sync cycle... 
2025-08-06T08:48:23.681Z [ERROR] - Could not connect to the ZKTeco device. Skipping this sync cycle. 
2025-08-06T08:49:23.648Z [INFO] - Starting attendance data sync cycle... 
2025-08-06T08:49:23.651Z [ERROR] - Could not connect to the ZKTeco device. Skipping this sync cycle. 
2025-08-06T08:50:23.660Z [INFO] - Starting attendance data sync cycle... 
2025-08-06T08:50:23.665Z [ERROR] - Could not connect to the ZKTeco device. Skipping this sync cycle. 
2025-08-06T08:51:23.674Z [INFO] - Starting attendance data sync cycle... 
2025-08-06T08:51:23.678Z [ERROR] - Could not connect to the ZKTeco device. Skipping this sync cycle. 
2025-08-06T08:52:23.679Z [INFO] - Starting attendance data sync cycle... 
2025-08-06T08:52:23.684Z [ERROR] - Could not connect to the ZKTeco device. Skipping this sync cycle. 
2025-08-06T08:53:23.691Z [INFO] - Starting attendance data sync cycle... 
2025-08-06T08:53:23.697Z [ERROR] - Could not connect to the ZKTeco device. Skipping this sync cycle. 
2025-08-06T08:54:23.696Z [INFO] - Starting attendance data sync cycle... 
2025-08-06T08:54:23.702Z [ERROR] - Could not connect to the ZKTeco device. Skipping this sync cycle. 
2025-08-06T08:55:23.705Z [INFO] - Starting attendance data sync cycle... 
2025-08-06T08:55:23.710Z [ERROR] - Could not connect to the ZKTeco device. Skipping this sync cycle. 
2025-08-06T08:56:23.716Z [INFO] - Starting attendance data sync cycle... 
2025-08-06T08:56:23.718Z [ERROR] - Could not connect to the ZKTeco device. Skipping this sync cycle. 
2025-08-06T08:57:23.719Z [INFO] - Starting attendance data sync cycle... 
2025-08-06T08:57:23.726Z [ERROR] - Could not connect to the ZKTeco device. Skipping this sync cycle. 
2025-08-06T08:58:23.729Z [INFO] - Starting attendance data sync cycle... 
2025-08-06T08:58:23.731Z [ERROR] - Could not connect to the ZKTeco device. Skipping this sync cycle. 
2025-08-06T08:59:23.729Z [INFO] - Starting attendance data sync cycle... 
2025-08-06T08:59:23.734Z [ERROR] - Could not connect to the ZKTeco device. Skipping this sync cycle. 
2025-08-06T09:00:23.739Z [INFO] - Starting attendance data sync cycle... 
2025-08-06T09:00:23.746Z [ERROR] - Could not connect to the ZKTeco device. Skipping this sync cycle. 
2025-08-06T09:01:23.750Z [INFO] - Starting attendance data sync cycle... 
2025-08-06T09:01:23.756Z [ERROR] - Could not connect to the ZKTeco device. Skipping this sync cycle. 
2025-08-06T09:02:23.764Z [INFO] - Starting attendance data sync cycle... 
2025-08-06T09:02:23.766Z [ERROR] - Could not connect to the ZKTeco device. Skipping this sync cycle. 
2025-08-06T09:03:23.770Z [INFO] - Starting attendance data sync cycle... 
2025-08-06T09:03:23.776Z [ERROR] - Could not connect to the ZKTeco device. Skipping this sync cycle. 
2025-08-06T09:04:23.779Z [INFO] - Starting attendance data sync cycle... 
2025-08-06T09:04:23.785Z [ERROR] - Could not connect to the ZKTeco device. Skipping this sync cycle. 
2025-08-06T09:05:23.794Z [INFO] - Starting attendance data sync cycle... 
2025-08-06T09:05:23.799Z [ERROR] - Could not connect to the ZKTeco device. Skipping this sync cycle. 
2025-08-06T09:06:23.807Z [INFO] - Starting attendance data sync cycle... 
2025-08-06T09:06:23.812Z [ERROR] - Could not connect to the ZKTeco device. Skipping this sync cycle. 
2025-08-06T09:07:23.815Z [INFO] - Starting attendance data sync cycle... 
2025-08-06T09:07:23.817Z [ERROR] - Could not connect to the ZKTeco device. Skipping this sync cycle. 
2025-08-06T09:08:23.824Z [INFO] - Starting attendance data sync cycle... 
2025-08-06T09:08:23.827Z [ERROR] - Could not connect to the ZKTeco device. Skipping this sync cycle. 
2025-08-06T09:09:23.828Z [INFO] - Starting attendance data sync cycle... 
2025-08-06T09:09:23.833Z [ERROR] - Could not connect to the ZKTeco device. Skipping this sync cycle. 
2025-08-06T09:10:23.837Z [INFO] - Starting attendance data sync cycle... 
2025-08-06T09:10:23.839Z [ERROR] - Could not connect to the ZKTeco device. Skipping this sync cycle. 
2025-08-06T09:11:23.845Z [INFO] - Starting attendance data sync cycle... 
2025-08-06T09:11:23.851Z [ERROR] - Could not connect to the ZKTeco device. Skipping this sync cycle. 
2025-08-06T09:12:23.845Z [INFO] - Starting attendance data sync cycle... 
2025-08-06T09:12:23.851Z [ERROR] - Could not connect to the ZKTeco device. Skipping this sync cycle. 
2025-08-06T09:13:23.854Z [INFO] - Starting attendance data sync cycle... 
2025-08-06T09:13:23.858Z [ERROR] - Could not connect to the ZKTeco device. Skipping this sync cycle. 
2025-08-06T09:14:23.866Z [INFO] - Starting attendance data sync cycle... 
2025-08-06T09:14:23.870Z [ERROR] - Could not connect to the ZKTeco device. Skipping this sync cycle. 
2025-08-06T09:15:23.878Z [INFO] - Starting attendance data sync cycle... 
2025-08-06T09:15:23.883Z [ERROR] - Could not connect to the ZKTeco device. Skipping this sync cycle. 
2025-08-06T09:16:23.884Z [INFO] - Starting attendance data sync cycle... 
2025-08-06T09:16:23.887Z [ERROR] - Could not connect to the ZKTeco device. Skipping this sync cycle. 
2025-08-06T09:17:23.889Z [INFO] - Starting attendance data sync cycle... 
2025-08-06T09:17:23.893Z [ERROR] - Could not connect to the ZKTeco device. Skipping this sync cycle. 
2025-08-06T09:18:23.890Z [INFO] - Starting attendance data sync cycle... 
2025-08-06T09:18:23.895Z [ERROR] - Could not connect to the ZKTeco device. Skipping this sync cycle. 
2025-08-06T09:19:23.896Z [INFO] - Starting attendance data sync cycle... 
2025-08-06T09:19:23.898Z [ERROR] - Could not connect to the ZKTeco device. Skipping this sync cycle. 
2025-08-06T09:20:23.911Z [INFO] - Starting attendance data sync cycle... 
2025-08-06T09:20:23.916Z [ERROR] - Could not connect to the ZKTeco device. Skipping this sync cycle. 
2025-08-06T09:21:23.913Z [INFO] - Starting attendance data sync cycle... 
2025-08-06T09:21:23.919Z [ERROR] - Could not connect to the ZKTeco device. Skipping this sync cycle. 
2025-08-06T09:22:23.920Z [INFO] - Starting attendance data sync cycle... 
2025-08-06T09:22:23.922Z [ERROR] - Could not connect to the ZKTeco device. Skipping this sync cycle. 
2025-08-06T09:23:23.935Z [INFO] - Starting attendance data sync cycle... 
2025-08-06T09:23:23.937Z [ERROR] - Could not connect to the ZKTeco device. Skipping this sync cycle. 
2025-08-06T09:24:23.939Z [INFO] - Starting attendance data sync cycle... 
2025-08-06T09:24:23.941Z [ERROR] - Could not connect to the ZKTeco device. Skipping this sync cycle. 
2025-08-06T09:25:23.954Z [INFO] - Starting attendance data sync cycle... 
2025-08-06T09:25:23.959Z [ERROR] - Could not connect to the ZKTeco device. Skipping this sync cycle. 
2025-08-06T09:26:23.964Z [INFO] - Starting attendance data sync cycle... 
2025-08-06T09:26:23.969Z [ERROR] - Could not connect to the ZKTeco device. Skipping this sync cycle. 
2025-08-06T09:27:23.975Z [INFO] - Starting attendance data sync cycle... 
2025-08-06T09:27:23.977Z [ERROR] - Could not connect to the ZKTeco device. Skipping this sync cycle. 
2025-08-06T09:28:23.977Z [INFO] - Starting attendance data sync cycle... 
2025-08-06T09:28:23.980Z [ERROR] - Could not connect to the ZKTeco device. Skipping this sync cycle. 
2025-08-06T09:29:23.987Z [INFO] - Starting attendance data sync cycle... 
2025-08-06T09:29:23.992Z [ERROR] - Could not connect to the ZKTeco device. Skipping this sync cycle. 
2025-08-06T09:30:23.991Z [INFO] - Starting attendance data sync cycle... 
2025-08-06T09:30:23.996Z [ERROR] - Could not connect to the ZKTeco device. Skipping this sync cycle. 
2025-08-06T09:31:24.005Z [INFO] - Starting attendance data sync cycle... 
2025-08-06T09:31:24.009Z [ERROR] - Could not connect to the ZKTeco device. Skipping this sync cycle. 
2025-08-06T10:14:27.885Z [INFO] - Starting attendance data sync cycle... 
2025-08-06T10:14:28.482Z [ERROR] - Could not connect to the ZKTeco device. Skipping this sync cycle. 
2025-08-06T10:15:27.888Z [INFO] - Starting attendance data sync cycle... 
2025-08-06T10:15:27.890Z [ERROR] - Could not connect to the ZKTeco device. Skipping this sync cycle. 
2025-08-06T10:16:27.891Z [INFO] - Starting attendance data sync cycle... 
2025-08-06T10:16:27.896Z [ERROR] - Could not connect to the ZKTeco device. Skipping this sync cycle. 
2025-08-06T10:17:27.899Z [INFO] - Starting attendance data sync cycle... 
2025-08-06T10:17:27.907Z [ERROR] - Could not connect to the ZKTeco device. Skipping this sync cycle. 
2025-08-06T10:18:27.914Z [INFO] - Starting attendance data sync cycle... 
2025-08-06T10:18:27.919Z [ERROR] - Could not connect to the ZKTeco device. Skipping this sync cycle. 
2025-08-06T10:19:27.928Z [INFO] - Starting attendance data sync cycle... 
2025-08-06T10:19:27.931Z [ERROR] - Could not connect to the ZKTeco device. Skipping this sync cycle. 
2025-08-06T10:20:27.931Z [INFO] - Starting attendance data sync cycle... 
2025-08-06T10:20:27.934Z [ERROR] - Could not connect to the ZKTeco device. Skipping this sync cycle. 
2025-08-06T10:21:27.946Z [INFO] - Starting attendance data sync cycle... 
2025-08-06T10:21:27.956Z [ERROR] - Could not connect to the ZKTeco device. Skipping this sync cycle. 
2025-08-06T10:22:27.961Z [INFO] - Starting attendance data sync cycle... 
2025-08-06T10:22:27.966Z [ERROR] - Could not connect to the ZKTeco device. Skipping this sync cycle. 
2025-08-06T10:23:27.965Z [INFO] - Starting attendance data sync cycle... 
2025-08-06T10:23:27.974Z [ERROR] - Could not connect to the ZKTeco device. Skipping this sync cycle. 
2025-08-06T10:24:27.976Z [INFO] - Starting attendance data sync cycle... 
2025-08-06T10:24:27.984Z [ERROR] - Could not connect to the ZKTeco device. Skipping this sync cycle. 
2025-08-06T10:25:27.976Z [INFO] - Starting attendance data sync cycle... 
2025-08-06T10:25:27.978Z [ERROR] - Could not connect to the ZKTeco device. Skipping this sync cycle. 
2025-08-06T10:26:27.977Z [INFO] - Starting attendance data sync cycle... 
2025-08-06T10:26:27.980Z [ERROR] - Could not connect to the ZKTeco device. Skipping this sync cycle. 
2025-08-06T10:27:27.982Z [INFO] - Starting attendance data sync cycle... 
2025-08-06T10:27:27.988Z [ERROR] - Could not connect to the ZKTeco device. Skipping this sync cycle. 
2025-08-06T10:28:27.997Z [INFO] - Starting attendance data sync cycle... 
2025-08-06T10:28:27.999Z [ERROR] - Could not connect to the ZKTeco device. Skipping this sync cycle. 
2025-08-06T10:29:28.004Z [INFO] - Starting attendance data sync cycle... 
2025-08-06T10:29:28.006Z [ERROR] - Could not connect to the ZKTeco device. Skipping this sync cycle. 
2025-08-06T10:30:28.008Z [INFO] - Starting attendance data sync cycle... 
2025-08-06T10:30:28.012Z [ERROR] - Could not connect to the ZKTeco device. Skipping this sync cycle. 
2025-08-06T10:31:28.016Z [INFO] - Starting attendance data sync cycle... 
2025-08-06T10:31:28.021Z [ERROR] - Could not connect to the ZKTeco device. Skipping this sync cycle. 
2025-08-06T10:32:28.024Z [INFO] - Starting attendance data sync cycle... 
2025-08-06T10:32:28.025Z [ERROR] - Could not connect to the ZKTeco device. Skipping this sync cycle. 
2025-08-06T10:33:28.038Z [INFO] - Starting attendance data sync cycle... 
2025-08-06T10:33:28.039Z [ERROR] - Could not connect to the ZKTeco device. Skipping this sync cycle. 
2025-08-06T10:34:28.038Z [INFO] - Starting attendance data sync cycle... 
2025-08-06T10:34:28.039Z [ERROR] - Could not connect to the ZKTeco device. Skipping this sync cycle. 
2025-08-06T10:35:28.052Z [INFO] - Starting attendance data sync cycle... 
2025-08-06T10:35:28.057Z [ERROR] - Could not connect to the ZKTeco device. Skipping this sync cycle. 
2025-08-06T10:36:28.054Z [INFO] - Starting attendance data sync cycle... 
2025-08-06T10:36:28.056Z [ERROR] - Could not connect to the ZKTeco device. Skipping this sync cycle. 
2025-08-06T10:37:00.164Z [INFO] - K50-HRM Integration service initialized. 
2025-08-06T10:37:00.167Z [INFO] - Starting ZKTeco-K50-HRM-Service... 
2025-08-06T10:37:00.168Z [INFO] - Starting attendance data sync cycle... 
2025-08-06T10:37:00.169Z [ERROR] - Could not connect to the ZKTeco device. Skipping this sync cycle. 
2025-08-06T10:37:00.170Z [INFO] - Service started. Sync will run every 60 seconds. 
2025-08-08T20:01:50.443Z [INFO] - K50-HRM Integration service initialized. 
2025-08-08T20:01:50.446Z [INFO] - Starting ZKTeco-K50-HRM-Service... 
2025-08-08T20:01:50.447Z [INFO] - Starting attendance data sync cycle... 
2025-08-08T20:01:50.449Z [ERROR] - Could not connect to the ZKTeco device. Skipping this sync cycle. 
2025-08-08T20:01:50.450Z [INFO] - Service started. Sync will run every 60 seconds. 
2025-08-08T20:01:52.215Z [INFO] - Stopping service... 
2025-08-08T20:01:52.220Z [INFO] - Service stopped gracefully. 
2025-08-08T20:02:15.173Z [INFO] - K50-HRM Integration service initialized. 
2025-08-08T20:02:15.183Z [INFO] - Starting ZKTeco-K50-HRM-Service... 
2025-08-08T20:02:15.185Z [INFO] - Starting attendance data sync cycle... 
2025-08-08T20:02:15.189Z [ERROR] - Could not connect to the ZKTeco device. Skipping this sync cycle. 
2025-08-08T20:02:15.191Z [INFO] - Service started. Sync will run every 60 seconds. 
2025-08-08T20:03:15.205Z [INFO] - Starting attendance data sync cycle... 
2025-08-08T20:03:15.208Z [ERROR] - Could not connect to the ZKTeco device. Skipping this sync cycle. 
2025-08-08T20:04:15.207Z [INFO] - Starting attendance data sync cycle... 
2025-08-08T20:04:15.212Z [ERROR] - Could not connect to the ZKTeco device. Skipping this sync cycle. 
2025-08-08T20:05:15.208Z [INFO] - Starting attendance data sync cycle... 
2025-08-08T20:05:15.211Z [ERROR] - Could not connect to the ZKTeco device. Skipping this sync cycle. 
2025-08-08T20:06:15.217Z [INFO] - Starting attendance data sync cycle... 
2025-08-08T20:06:15.220Z [ERROR] - Could not connect to the ZKTeco device. Skipping this sync cycle. 
2025-08-08T20:07:15.232Z [INFO] - Starting attendance data sync cycle... 
2025-08-08T20:07:15.234Z [ERROR] - Could not connect to the ZKTeco device. Skipping this sync cycle. 
2025-08-08T20:07:29.943Z [INFO] - K50-HRM Integration service initialized. 
2025-08-08T20:07:29.946Z [INFO] - Starting ZKTeco-K50-HRM-Service... 
2025-08-08T20:07:29.947Z [INFO] - Starting attendance data sync cycle... 
2025-08-08T20:07:29.950Z [ERROR] - Could not connect to the ZKTeco device. Skipping this sync cycle. 
2025-08-08T20:07:29.951Z [INFO] - Service started. Sync will run every 60 seconds. 
2025-08-08T20:08:29.954Z [INFO] - Starting attendance data sync cycle... 
2025-08-08T20:08:29.957Z [ERROR] - Could not connect to the ZKTeco device. Skipping this sync cycle. 
2025-08-08T20:09:29.953Z [INFO] - Starting attendance data sync cycle... 
2025-08-08T20:09:29.957Z [ERROR] - Could not connect to the ZKTeco device. Skipping this sync cycle. 
2025-08-08T20:10:29.963Z [INFO] - Starting attendance data sync cycle... 
2025-08-08T20:10:29.966Z [ERROR] - Could not connect to the ZKTeco device. Skipping this sync cycle. 
2025-08-08T20:11:29.971Z [INFO] - Starting attendance data sync cycle... 
2025-08-08T20:11:29.974Z [ERROR] - Could not connect to the ZKTeco device. Skipping this sync cycle. 
2025-08-08T20:12:29.979Z [INFO] - Starting attendance data sync cycle... 
2025-08-08T20:12:29.981Z [ERROR] - Could not connect to the ZKTeco device. Skipping this sync cycle. 
2025-08-08T20:13:29.986Z [INFO] - Starting attendance data sync cycle... 
2025-08-08T20:13:29.990Z [ERROR] - Could not connect to the ZKTeco device. Skipping this sync cycle. 
2025-08-08T20:14:29.994Z [INFO] - Starting attendance data sync cycle... 
2025-08-08T20:14:29.997Z [ERROR] - Could not connect to the ZKTeco device. Skipping this sync cycle. 
2025-08-08T20:15:30.007Z [INFO] - Starting attendance data sync cycle... 
2025-08-08T20:15:30.012Z [ERROR] - Could not connect to the ZKTeco device. Skipping this sync cycle. 
2025-08-08T20:16:30.008Z [INFO] - Starting attendance data sync cycle... 
2025-08-08T20:16:30.012Z [ERROR] - Could not connect to the ZKTeco device. Skipping this sync cycle. 
2025-08-08T20:17:30.023Z [INFO] - Starting attendance data sync cycle... 
2025-08-08T20:17:30.027Z [ERROR] - Could not connect to the ZKTeco device. Skipping this sync cycle. 
2025-08-08T20:18:30.032Z [INFO] - Starting attendance data sync cycle... 
2025-08-08T20:18:30.033Z [ERROR] - Could not connect to the ZKTeco device. Skipping this sync cycle. 
2025-08-08T20:19:30.032Z [INFO] - Starting attendance data sync cycle... 
2025-08-08T20:19:30.033Z [ERROR] - Could not connect to the ZKTeco device. Skipping this sync cycle. 
2025-08-08T20:20:30.041Z [INFO] - Starting attendance data sync cycle... 
2025-08-08T20:20:30.044Z [ERROR] - Could not connect to the ZKTeco device. Skipping this sync cycle. 
2025-08-08T20:21:30.047Z [INFO] - Starting attendance data sync cycle... 
2025-08-08T20:21:30.048Z [ERROR] - Could not connect to the ZKTeco device. Skipping this sync cycle. 
2025-08-08T20:22:30.055Z [INFO] - Starting attendance data sync cycle... 
2025-08-08T20:22:30.056Z [ERROR] - Could not connect to the ZKTeco device. Skipping this sync cycle. 
2025-08-08T20:23:30.069Z [INFO] - Starting attendance data sync cycle... 
2025-08-08T20:23:30.073Z [ERROR] - Could not connect to the ZKTeco device. Skipping this sync cycle. 
2025-08-08T20:24:30.084Z [INFO] - Starting attendance data sync cycle... 
2025-08-08T20:24:30.087Z [ERROR] - Could not connect to the ZKTeco device. Skipping this sync cycle. 
2025-08-08T20:25:30.085Z [INFO] - Starting attendance data sync cycle... 
2025-08-08T20:25:30.086Z [ERROR] - Could not connect to the ZKTeco device. Skipping this sync cycle. 
2025-08-08T20:26:30.085Z [INFO] - Starting attendance data sync cycle... 
2025-08-08T20:26:30.089Z [ERROR] - Could not connect to the ZKTeco device. Skipping this sync cycle. 
2025-08-08T20:27:30.093Z [INFO] - Starting attendance data sync cycle... 
2025-08-08T20:27:30.096Z [ERROR] - Could not connect to the ZKTeco device. Skipping this sync cycle. 
2025-08-08T20:28:30.099Z [INFO] - Starting attendance data sync cycle... 
2025-08-08T20:28:30.102Z [ERROR] - Could not connect to the ZKTeco device. Skipping this sync cycle. 
2025-08-08T20:29:30.108Z [INFO] - Starting attendance data sync cycle... 
2025-08-08T20:29:30.115Z [ERROR] - Could not connect to the ZKTeco device. Skipping this sync cycle. 
2025-08-08T20:30:30.118Z [INFO] - Starting attendance data sync cycle... 
2025-08-08T20:30:30.121Z [ERROR] - Could not connect to the ZKTeco device. Skipping this sync cycle. 
2025-08-08T20:31:30.119Z [INFO] - Starting attendance data sync cycle... 
2025-08-08T20:31:30.127Z [ERROR] - Could not connect to the ZKTeco device. Skipping this sync cycle. 
2025-08-08T20:32:30.132Z [INFO] - Starting attendance data sync cycle... 
2025-08-08T20:32:30.134Z [ERROR] - Could not connect to the ZKTeco device. Skipping this sync cycle. 
2025-08-08T20:33:30.144Z [INFO] - Starting attendance data sync cycle... 
2025-08-08T20:33:30.146Z [ERROR] - Could not connect to the ZKTeco device. Skipping this sync cycle. 
