2025-08-09T09:28:20.435Z [INFO] - ZKTeco-HRM Integration service initialized. 
2025-08-09T09:28:20.448Z [INFO] - Starting ZKTeco-HRM-Service... 
2025-08-09T09:28:20.449Z [INFO] - Starting attendance data sync cycle... 
2025-08-09T09:28:20.451Z [ERROR] - Could not connect to the ZKTeco device. Skipping this sync cycle. 
2025-08-09T09:28:20.452Z [INFO] - Service started. Sync will run every 60 seconds. 
2025-08-09T13:23:39.261Z [INFO] - ZKTeco-HRM Integration service initialized. 
2025-08-09T13:23:39.269Z [INFO] - Starting ZKTeco-HRM-Service... 
2025-08-09T13:23:39.271Z [INFO] - Starting attendance data sync cycle... 
2025-08-09T13:23:39.276Z [ERROR] - Could not connect to the ZKTeco device. Skipping this sync cycle. 
2025-08-09T13:23:39.278Z [INFO] - Service started. Sync will run every 60 seconds. 
2025-08-09T13:24:39.286Z [INFO] - Starting attendance data sync cycle... 
2025-08-09T13:24:39.291Z [ERROR] - Could not connect to the ZKTeco device. Skipping this sync cycle. 
2025-08-09T13:25:39.301Z [INFO] - Starting attendance data sync cycle... 
2025-08-09T13:25:39.304Z [ERROR] - Could not connect to the ZKTeco device. Skipping this sync cycle. 
2025-08-09T13:26:39.315Z [INFO] - Starting attendance data sync cycle... 
2025-08-09T13:26:39.318Z [ERROR] - Could not connect to the ZKTeco device. Skipping this sync cycle. 
2025-08-09T13:27:39.317Z [INFO] - Starting attendance data sync cycle... 
2025-08-09T13:27:39.320Z [ERROR] - Could not connect to the ZKTeco device. Skipping this sync cycle. 
2025-08-09T13:28:39.317Z [INFO] - Starting attendance data sync cycle... 
2025-08-09T13:28:39.319Z [ERROR] - Could not connect to the ZKTeco device. Skipping this sync cycle. 
2025-08-09T13:28:50.557Z [INFO] - ZKTeco-HRM Integration service initialized. 
2025-08-09T13:28:50.561Z [INFO] - Starting ZKTeco-HRM-Service... 
2025-08-09T13:28:50.561Z [INFO] - Starting attendance data sync cycle... 
2025-08-09T13:28:50.563Z [ERROR] - Could not connect to the ZKTeco device. Skipping this sync cycle. 
2025-08-09T13:28:50.564Z [INFO] - Service started. Sync will run every 60 seconds. 
2025-08-09T13:29:50.568Z [INFO] - Starting attendance data sync cycle... 
2025-08-09T13:29:50.570Z [ERROR] - Could not connect to the ZKTeco device. Skipping this sync cycle. 
2025-08-09T13:30:50.581Z [INFO] - Starting attendance data sync cycle... 
2025-08-09T13:30:50.585Z [ERROR] - Could not connect to the ZKTeco device. Skipping this sync cycle. 
2025-08-09T13:31:28.347Z [INFO] - Stopping service... 
2025-08-09T13:31:28.350Z [INFO] - Service stopped gracefully. 
2025-08-09T13:35:32.353Z [INFO] - ZKTeco-HRM Integration service initialized. 
2025-08-09T13:35:32.355Z [INFO] - Starting ZKTeco-HRM-Service... 
2025-08-09T13:35:32.357Z [INFO] - Starting attendance data sync cycle... 
2025-08-09T13:35:32.359Z [ERROR] - Could not connect to the ZKTeco device. Skipping this sync cycle. 
2025-08-09T13:35:32.360Z [INFO] - Service started. Sync will run every 60 seconds. 
2025-08-09T13:36:32.375Z [INFO] - Starting attendance data sync cycle... 
2025-08-09T13:36:32.378Z [ERROR] - Could not connect to the ZKTeco device. Skipping this sync cycle. 
2025-08-09T13:37:24.548Z [INFO] - Stopping service... 
2025-08-09T13:37:24.551Z [INFO] - Service stopped gracefully. 
2025-08-09T13:37:28.470Z [INFO] - ZKTeco-HRM Integration service initialized. 
2025-08-09T13:37:28.472Z [INFO] - Starting ZKTeco-HRM-Service... 
2025-08-09T13:37:28.473Z [INFO] - Starting attendance data sync cycle... 
2025-08-09T13:37:28.476Z [ERROR] - Could not connect to the ZKTeco device. Skipping this sync cycle. 
2025-08-09T13:37:28.477Z [INFO] - Service started. Sync will run every 60 seconds. 
2025-08-09T13:38:14.826Z [INFO] - Stopping service... 
2025-08-09T13:38:14.829Z [INFO] - Service stopped gracefully. 
2025-08-09T13:38:17.549Z [INFO] - ZKTeco-HRM Integration service initialized. 
2025-08-09T13:38:17.551Z [INFO] - Starting ZKTeco-HRM-Service... 
2025-08-09T13:38:17.551Z [INFO] - Starting attendance data sync cycle... 
2025-08-09T13:38:17.553Z [ERROR] - Could not connect to the ZKTeco device. Skipping this sync cycle. 
2025-08-09T13:38:17.554Z [INFO] - Service started. Sync will run every 60 seconds. 
2025-08-09T13:39:17.564Z [INFO] - Starting attendance data sync cycle... 
2025-08-09T13:39:17.571Z [ERROR] - Could not connect to the ZKTeco device. Skipping this sync cycle. 
2025-08-09T13:39:49.020Z [INFO] - Stopping service... 
2025-08-09T13:39:49.023Z [INFO] - Service stopped gracefully. 
2025-08-09T13:39:51.819Z [INFO] - ZKTeco-HRM Integration service initialized. 
2025-08-09T13:39:51.823Z [INFO] - Starting ZKTeco-HRM-Service... 
2025-08-09T13:39:51.824Z [INFO] - Starting attendance data sync cycle... 
2025-08-09T13:39:51.827Z [ERROR] - Could not connect to the ZKTeco device. Skipping this sync cycle. 
2025-08-09T13:39:51.828Z [INFO] - Service started. Sync will run every 60 seconds. 
2025-08-09T13:40:51.832Z [INFO] - Starting attendance data sync cycle... 
2025-08-09T13:40:51.839Z [ERROR] - Could not connect to the ZKTeco device. Skipping this sync cycle. 
2025-08-09T13:41:29.380Z [INFO] - Stopping service... 
2025-08-09T13:41:29.381Z [INFO] - Service stopped gracefully. 
2025-08-09T13:41:31.785Z [INFO] - ZKTeco-HRM Integration service initialized. 
2025-08-09T13:41:31.787Z [INFO] - Starting ZKTeco-HRM-Service... 
2025-08-09T13:41:31.788Z [INFO] - Starting attendance data sync cycle... 
2025-08-09T13:42:12.930Z [INFO] - ZKTeco-HRM Integration service initialized. 
2025-08-09T13:42:12.932Z [INFO] - Starting ZKTeco-HRM-Service... 
2025-08-09T13:42:12.932Z [INFO] - Starting attendance data sync cycle... 
2025-08-09T13:42:12.935Z [ERROR] - Could not connect to the ZKTeco device. Skipping this sync cycle. 
2025-08-09T13:42:12.936Z [INFO] - Service started. Sync will run every 60 seconds. 
2025-08-09T13:43:12.946Z [INFO] - Starting attendance data sync cycle... 
2025-08-09T13:43:12.961Z [ERROR] - Could not connect to the ZKTeco device. Skipping this sync cycle. 
2025-08-09T13:43:27.374Z [INFO] - Stopping service... 
2025-08-09T13:43:27.376Z [INFO] - Service stopped gracefully. 
2025-08-09T13:43:29.780Z [INFO] - ZKTeco-HRM Integration service initialized. 
2025-08-09T13:43:29.782Z [INFO] - Starting ZKTeco-HRM-Service... 
2025-08-09T13:43:29.783Z [INFO] - Starting attendance data sync cycle... 
2025-08-09T13:43:29.786Z [ERROR] - Could not connect to the ZKTeco device. Skipping this sync cycle. 
2025-08-09T13:43:29.787Z [INFO] - Service started. Sync will run every 60 seconds. 
2025-08-09T13:44:29.791Z [INFO] - Starting attendance data sync cycle... 
2025-08-09T13:44:29.795Z [ERROR] - Could not connect to the ZKTeco device. Skipping this sync cycle. 
2025-08-09T13:45:03.213Z [INFO] - Stopping service... 
2025-08-09T13:45:03.217Z [INFO] - Service stopped gracefully. 
2025-08-09T13:45:05.577Z [INFO] - ZKTeco-HRM Integration service initialized. 
2025-08-09T13:45:05.581Z [INFO] - Starting ZKTeco-HRM-Service... 
2025-08-09T13:45:05.583Z [INFO] - Starting attendance data sync cycle... 
2025-08-09T13:45:26.487Z [INFO] - Retrieved 25381 total records from the device. 
2025-08-09T13:45:26.538Z [INFO] - No new attendance records to sync. 
2025-08-09T13:45:26.546Z [INFO] - Sync cycle finished. 
2025-08-09T13:45:26.548Z [INFO] - Service started. Sync will run every 60 seconds. 
2025-08-09T13:46:26.562Z [INFO] - Starting attendance data sync cycle... 
2025-08-09T13:46:47.379Z [INFO] - Retrieved 25382 total records from the device. 
2025-08-09T13:46:47.403Z [INFO] - No new attendance records to sync. 
2025-08-09T13:46:47.406Z [INFO] - Sync cycle finished. 
2025-08-09T13:47:26.574Z [INFO] - Starting attendance data sync cycle... 
2025-08-09T13:47:47.268Z [INFO] - Retrieved 25383 total records from the device. 
2025-08-09T13:47:47.287Z [INFO] - No new attendance records to sync. 
2025-08-09T13:47:47.289Z [INFO] - Sync cycle finished. 
2025-08-09T13:48:26.583Z [INFO] - Starting attendance data sync cycle... 
2025-08-09T13:48:47.520Z [INFO] - Retrieved 25383 total records from the device. 
2025-08-09T13:48:47.537Z [INFO] - No new attendance records to sync. 
2025-08-09T13:48:47.538Z [INFO] - Sync cycle finished. 
2025-08-09T13:49:03.202Z [INFO] - Stopping service... 
2025-08-09T13:49:03.205Z [INFO] - Service stopped gracefully. 
2025-08-09T13:49:05.688Z [INFO] - ZKTeco-HRM Integration service initialized. 
2025-08-09T13:49:05.690Z [INFO] - Starting ZKTeco-HRM-Service... 
2025-08-09T13:49:05.691Z [INFO] - Starting attendance data sync cycle... 
2025-08-09T13:49:26.630Z [INFO] - Retrieved 25383 total records from the device. 
2025-08-09T13:49:26.658Z [INFO] - No new attendance records to sync. 
2025-08-09T13:49:26.663Z [INFO] - Sync cycle finished. 
2025-08-09T13:49:26.665Z [INFO] - Service started. Sync will run every 60 seconds. 
2025-08-09T13:50:22.091Z [INFO] - Stopping service... 
2025-08-09T13:50:22.096Z [INFO] - Service stopped gracefully. 
2025-08-09T13:50:24.888Z [INFO] - ZKTeco-HRM Integration service initialized. 
2025-08-09T13:50:24.889Z [INFO] - Starting ZKTeco-HRM-Service... 
2025-08-09T13:50:24.890Z [INFO] - Starting attendance data sync cycle... 
2025-08-09T13:50:45.703Z [INFO] - Retrieved 25384 total records from the device. 
2025-08-09T13:50:45.719Z [ERROR] - An error occurred during the sync process: ["newRecord is not defined"]
2025-08-09T13:50:45.723Z [INFO] - Sync cycle finished. 
2025-08-09T13:50:45.724Z [INFO] - Service started. Sync will run every 60 seconds. 
2025-08-09T13:51:30.782Z [INFO] - Stopping service... 
2025-08-09T13:51:30.787Z [INFO] - Service stopped gracefully. 
2025-08-09T13:51:32.732Z [INFO] - ZKTeco-HRM Integration service initialized. 
2025-08-09T13:51:32.734Z [INFO] - Starting ZKTeco-HRM-Service... 
2025-08-09T13:51:32.735Z [INFO] - Starting attendance data sync cycle... 
2025-08-09T13:51:53.624Z [INFO] - Retrieved 25386 total records from the device. 
2025-08-09T13:51:53.705Z [INFO] - No new attendance records to sync. 
2025-08-09T13:51:53.708Z [INFO] - Sync cycle finished. 
2025-08-09T13:51:53.709Z [INFO] - Service started. Sync will run every 60 seconds. 
2025-08-09T13:52:53.714Z [INFO] - Starting attendance data sync cycle... 
2025-08-09T13:53:14.806Z [INFO] - Retrieved 25387 total records from the device. 
2025-08-09T13:53:14.840Z [INFO] - No new attendance records to sync. 
2025-08-09T13:53:14.841Z [INFO] - Sync cycle finished. 
2025-08-09T13:53:53.715Z [INFO] - Starting attendance data sync cycle... 
2025-08-09T13:54:14.493Z [INFO] - Retrieved 25387 total records from the device. 
2025-08-09T13:54:14.530Z [INFO] - No new attendance records to sync. 
2025-08-09T13:54:14.532Z [INFO] - Sync cycle finished. 
2025-08-09T13:54:53.726Z [INFO] - Starting attendance data sync cycle... 
2025-08-09T13:55:14.534Z [INFO] - Retrieved 25387 total records from the device. 
2025-08-09T13:55:14.612Z [INFO] - No new attendance records to sync. 
2025-08-09T13:55:14.614Z [INFO] - Sync cycle finished. 
2025-08-09T13:55:53.741Z [INFO] - Starting attendance data sync cycle... 
2025-08-09T13:56:14.457Z [INFO] - Retrieved 25387 total records from the device. 
2025-08-09T13:56:14.495Z [INFO] - No new attendance records to sync. 
2025-08-09T13:56:14.497Z [INFO] - Sync cycle finished. 
2025-08-09T13:56:53.748Z [INFO] - Starting attendance data sync cycle... 
2025-08-09T13:57:14.474Z [INFO] - Retrieved 25387 total records from the device. 
2025-08-09T13:57:14.512Z [INFO] - No new attendance records to sync. 
2025-08-09T13:57:14.513Z [INFO] - Sync cycle finished. 
2025-08-09T13:57:53.757Z [INFO] - Starting attendance data sync cycle... 
2025-08-09T13:58:15.106Z [INFO] - Retrieved 25387 total records from the device. 
2025-08-09T13:58:15.142Z [INFO] - No new attendance records to sync. 
2025-08-09T13:58:15.144Z [INFO] - Sync cycle finished. 
2025-08-09T13:58:53.759Z [INFO] - Starting attendance data sync cycle... 
2025-08-09T13:59:15.095Z [INFO] - Retrieved 25387 total records from the device. 
2025-08-09T13:59:15.138Z [INFO] - No new attendance records to sync. 
2025-08-09T13:59:15.140Z [INFO] - Sync cycle finished. 
2025-08-09T13:59:53.768Z [INFO] - Starting attendance data sync cycle... 
2025-08-09T14:00:14.552Z [INFO] - Retrieved 25387 total records from the device. 
2025-08-09T14:00:14.629Z [INFO] - No new attendance records to sync. 
2025-08-09T14:00:14.632Z [INFO] - Sync cycle finished. 
2025-08-09T14:00:53.775Z [INFO] - Starting attendance data sync cycle... 
2025-08-09T14:01:14.642Z [INFO] - Retrieved 25387 total records from the device. 
2025-08-09T14:01:14.737Z [INFO] - No new attendance records to sync. 
2025-08-09T14:01:14.741Z [INFO] - Sync cycle finished. 
2025-08-09T14:01:53.778Z [INFO] - Starting attendance data sync cycle... 
2025-08-09T14:02:10.848Z [INFO] - Stopping service... 
2025-08-09T14:02:10.862Z [INFO] - Service stopped gracefully. 
2025-08-09T14:02:17.655Z [INFO] - ZKTeco-HRM Integration service initialized. 
2025-08-09T14:02:17.657Z [INFO] - Starting ZKTeco-HRM-Service... 
2025-08-09T14:02:17.657Z [INFO] - Starting attendance data sync cycle... 
2025-08-09T14:02:38.623Z [INFO] - Retrieved 25388 total records from the device. 
2025-08-09T14:02:38.675Z [INFO] - No new attendance records to sync. 
2025-08-09T14:02:38.677Z [INFO] - Sync cycle finished. 
2025-08-09T14:02:38.678Z [INFO] - Service started. Sync will run every 60 seconds. 
2025-08-09T14:03:38.678Z [INFO] - Starting attendance data sync cycle... 
2025-08-09T14:03:59.495Z [INFO] - Retrieved 25388 total records from the device. 
2025-08-09T14:03:59.535Z [INFO] - No new attendance records to sync. 
2025-08-09T14:03:59.537Z [INFO] - Sync cycle finished. 
2025-08-09T14:04:34.926Z [INFO] - Stopping service... 
2025-08-09T14:04:34.928Z [INFO] - Service stopped gracefully. 
2025-08-09T14:04:40.641Z [INFO] - ZKTeco-HRM Integration service initialized. 
2025-08-09T14:04:40.643Z [INFO] - Starting ZKTeco-HRM-Service... 
2025-08-09T14:04:40.644Z [INFO] - Starting attendance data sync cycle... 
2025-08-09T14:05:01.397Z [INFO] - Retrieved 25389 total records from the device. 
2025-08-09T14:05:01.432Z [INFO] - No new attendance records to sync. 
2025-08-09T14:05:01.435Z [INFO] - Sync cycle finished. 
2025-08-09T14:05:01.436Z [INFO] - Service started. Sync will run every 60 seconds. 
2025-08-09T14:06:01.444Z [INFO] - Starting attendance data sync cycle... 
2025-08-09T14:06:22.516Z [INFO] - Retrieved 25390 total records from the device. 
2025-08-09T14:06:22.627Z [INFO] - No new attendance records to sync. 
2025-08-09T14:06:22.632Z [INFO] - Sync cycle finished. 
2025-08-09T14:06:58.450Z [INFO] - Stopping service... 
2025-08-09T14:06:58.454Z [INFO] - Service stopped gracefully. 
2025-08-09T14:07:04.894Z [INFO] - ZKTeco-HRM Integration service initialized. 
2025-08-09T14:07:04.897Z [INFO] - Starting ZKTeco-HRM-Service... 
2025-08-09T14:07:04.899Z [INFO] - Starting attendance data sync cycle... 
2025-08-09T14:07:25.739Z [INFO] - Retrieved 25391 total records from the device. 
2025-08-09T14:07:25.855Z [INFO] - No new attendance records to sync. 
2025-08-09T14:07:25.857Z [INFO] - Sync cycle finished. 
2025-08-09T14:07:25.859Z [INFO] - Service started. Sync will run every 60 seconds. 
2025-08-09T14:08:25.863Z [INFO] - Starting attendance data sync cycle... 
2025-08-09T14:08:46.714Z [INFO] - Retrieved 25391 total records from the device. 
2025-08-09T14:08:46.754Z [INFO] - No new attendance records to sync. 
2025-08-09T14:08:46.755Z [INFO] - Sync cycle finished. 
2025-08-09T14:09:25.879Z [INFO] - Starting attendance data sync cycle... 
2025-08-09T14:09:46.811Z [INFO] - Retrieved 25391 total records from the device. 
2025-08-09T14:09:46.887Z [INFO] - No new attendance records to sync. 
2025-08-09T14:09:46.891Z [INFO] - Sync cycle finished. 
2025-08-09T14:10:25.888Z [INFO] - Starting attendance data sync cycle... 
2025-08-09T14:10:26.101Z [INFO] - Stopping service... 
2025-08-09T14:10:26.570Z [INFO] - Service stopped gracefully. 
2025-08-09T14:12:44.095Z [INFO] - ZKTeco-HRM Integration service initialized. 
2025-08-09T14:12:44.096Z [INFO] - Starting ZKTeco-HRM-Service... 
2025-08-09T14:12:44.098Z [INFO] - Starting attendance data sync cycle... 
2025-08-09T14:13:05.154Z [INFO] - Retrieved 25391 total records from the device. 
2025-08-09T14:13:05.206Z [INFO] - No new attendance records to sync. 
2025-08-09T14:13:05.209Z [INFO] - Sync cycle finished. 
2025-08-09T14:13:05.210Z [INFO] - Service started. Sync will run every 60 seconds. 
2025-08-09T14:14:05.219Z [INFO] - Starting attendance data sync cycle... 
2025-08-09T14:14:26.034Z [INFO] - Retrieved 25391 total records from the device. 
2025-08-09T14:14:26.076Z [INFO] - No new attendance records to sync. 
2025-08-09T14:14:26.077Z [INFO] - Sync cycle finished. 
2025-08-09T14:15:05.231Z [INFO] - Starting attendance data sync cycle... 
2025-08-09T14:15:25.911Z [INFO] - Retrieved 25391 total records from the device. 
2025-08-09T14:15:25.951Z [INFO] - No new attendance records to sync. 
2025-08-09T14:15:25.953Z [INFO] - Sync cycle finished. 
2025-08-09T14:16:05.233Z [INFO] - Starting attendance data sync cycle... 
2025-08-09T14:16:26.011Z [INFO] - Retrieved 25392 total records from the device. 
2025-08-09T14:16:26.109Z [INFO] - No new attendance records to sync. 
2025-08-09T14:16:26.111Z [INFO] - Sync cycle finished. 
2025-08-09T14:17:05.237Z [INFO] - Starting attendance data sync cycle... 
2025-08-09T14:17:26.136Z [INFO] - Retrieved 25392 total records from the device. 
2025-08-09T14:17:26.173Z [INFO] - No new attendance records to sync. 
2025-08-09T14:17:26.175Z [INFO] - Sync cycle finished. 
2025-08-09T14:18:05.252Z [INFO] - Starting attendance data sync cycle... 
2025-08-09T14:18:25.899Z [INFO] - Retrieved 25392 total records from the device. 
2025-08-09T14:18:25.935Z [INFO] - No new attendance records to sync. 
2025-08-09T14:18:25.937Z [INFO] - Sync cycle finished. 
2025-08-09T14:19:05.255Z [INFO] - Starting attendance data sync cycle... 
2025-08-09T14:19:26.090Z [INFO] - Retrieved 25392 total records from the device. 
2025-08-09T14:19:26.129Z [INFO] - No new attendance records to sync. 
2025-08-09T14:19:26.130Z [INFO] - Sync cycle finished. 
2025-08-09T14:20:05.267Z [INFO] - Starting attendance data sync cycle... 
2025-08-09T14:20:26.066Z [INFO] - Retrieved 25392 total records from the device. 
2025-08-09T14:20:26.105Z [INFO] - No new attendance records to sync. 
2025-08-09T14:20:26.107Z [INFO] - Sync cycle finished. 
2025-08-09T14:21:05.282Z [INFO] - Starting attendance data sync cycle... 
2025-08-09T14:21:26.139Z [INFO] - Retrieved 25392 total records from the device. 
2025-08-09T14:21:26.171Z [INFO] - No new attendance records to sync. 
2025-08-09T14:21:26.172Z [INFO] - Sync cycle finished. 
2025-08-09T14:22:05.289Z [INFO] - Starting attendance data sync cycle... 
2025-08-09T14:22:26.067Z [INFO] - Retrieved 25392 total records from the device. 
2025-08-09T14:22:26.103Z [INFO] - No new attendance records to sync. 
2025-08-09T14:22:26.105Z [INFO] - Sync cycle finished. 
2025-08-09T14:23:05.305Z [INFO] - Starting attendance data sync cycle... 
2025-08-09T14:23:26.051Z [INFO] - Retrieved 25392 total records from the device. 
2025-08-09T14:23:26.081Z [INFO] - No new attendance records to sync. 
2025-08-09T14:23:26.083Z [INFO] - Sync cycle finished. 
2025-08-09T14:24:05.315Z [INFO] - Starting attendance data sync cycle... 
2025-08-09T14:24:26.205Z [INFO] - Retrieved 25392 total records from the device. 
2025-08-09T14:24:26.243Z [INFO] - No new attendance records to sync. 
2025-08-09T14:24:26.245Z [INFO] - Sync cycle finished. 
2025-08-09T14:25:05.319Z [INFO] - Starting attendance data sync cycle... 
2025-08-09T14:25:26.203Z [INFO] - Retrieved 25392 total records from the device. 
2025-08-09T14:25:26.267Z [INFO] - No new attendance records to sync. 
2025-08-09T14:25:26.270Z [INFO] - Sync cycle finished. 
2025-08-09T14:26:05.323Z [INFO] - Starting attendance data sync cycle... 
2025-08-09T14:26:26.042Z [INFO] - Retrieved 25393 total records from the device. 
2025-08-09T14:26:26.093Z [INFO] - No new attendance records to sync. 
2025-08-09T14:26:26.094Z [INFO] - Sync cycle finished. 
2025-08-09T14:27:05.329Z [INFO] - Starting attendance data sync cycle... 
2025-08-09T14:27:26.141Z [INFO] - Retrieved 25393 total records from the device. 
2025-08-09T14:27:26.204Z [INFO] - No new attendance records to sync. 
2025-08-09T14:27:26.207Z [INFO] - Sync cycle finished. 
2025-08-09T14:28:05.334Z [INFO] - Starting attendance data sync cycle... 
2025-08-09T14:28:26.065Z [INFO] - Retrieved 25393 total records from the device. 
2025-08-09T14:28:26.111Z [INFO] - No new attendance records to sync. 
2025-08-09T14:28:26.112Z [INFO] - Sync cycle finished. 
2025-08-09T14:29:05.347Z [INFO] - Starting attendance data sync cycle... 
2025-08-09T14:29:26.167Z [INFO] - Retrieved 25393 total records from the device. 
2025-08-09T14:29:26.201Z [INFO] - No new attendance records to sync. 
2025-08-09T14:29:26.203Z [INFO] - Sync cycle finished. 
2025-08-09T14:30:05.351Z [INFO] - Starting attendance data sync cycle... 
2025-08-09T14:30:26.097Z [INFO] - Retrieved 25393 total records from the device. 
2025-08-09T14:30:26.130Z [INFO] - No new attendance records to sync. 
2025-08-09T14:30:26.131Z [INFO] - Sync cycle finished. 
2025-08-09T14:31:05.352Z [INFO] - Starting attendance data sync cycle... 
2025-08-09T14:31:26.085Z [INFO] - Retrieved 25393 total records from the device. 
2025-08-09T14:31:26.122Z [INFO] - No new attendance records to sync. 
2025-08-09T14:31:26.123Z [INFO] - Sync cycle finished. 
2025-08-09T14:32:05.365Z [INFO] - Starting attendance data sync cycle... 
2025-08-09T14:32:26.369Z [INFO] - Retrieved 25393 total records from the device. 
2025-08-09T14:32:26.404Z [INFO] - No new attendance records to sync. 
2025-08-09T14:32:26.405Z [INFO] - Sync cycle finished. 
2025-08-09T14:33:05.375Z [INFO] - Starting attendance data sync cycle... 
2025-08-09T14:33:26.125Z [INFO] - Retrieved 25394 total records from the device. 
2025-08-09T14:33:26.166Z [INFO] - No new attendance records to sync. 
2025-08-09T14:33:26.168Z [INFO] - Sync cycle finished. 
2025-08-09T14:34:05.385Z [INFO] - Starting attendance data sync cycle... 
2025-08-09T14:34:26.360Z [INFO] - Retrieved 25394 total records from the device. 
2025-08-09T14:34:26.433Z [INFO] - No new attendance records to sync. 
2025-08-09T14:34:26.435Z [INFO] - Sync cycle finished. 
2025-08-09T14:35:05.397Z [INFO] - Starting attendance data sync cycle... 
2025-08-09T14:35:26.152Z [INFO] - Retrieved 25394 total records from the device. 
2025-08-09T14:35:26.180Z [INFO] - No new attendance records to sync. 
2025-08-09T14:35:26.182Z [INFO] - Sync cycle finished. 
2025-08-09T14:36:05.410Z [INFO] - Starting attendance data sync cycle... 
2025-08-09T14:36:26.189Z [INFO] - Retrieved 25394 total records from the device. 
2025-08-09T14:36:26.225Z [INFO] - No new attendance records to sync. 
2025-08-09T14:36:26.226Z [INFO] - Sync cycle finished. 
2025-08-09T14:37:05.416Z [INFO] - Starting attendance data sync cycle... 
2025-08-09T14:37:26.170Z [INFO] - Retrieved 25394 total records from the device. 
2025-08-09T14:37:26.201Z [INFO] - No new attendance records to sync. 
2025-08-09T14:37:26.203Z [INFO] - Sync cycle finished. 
2025-08-09T14:38:05.419Z [INFO] - Starting attendance data sync cycle... 
2025-08-09T14:38:26.310Z [INFO] - Retrieved 25394 total records from the device. 
2025-08-09T14:38:26.410Z [INFO] - No new attendance records to sync. 
2025-08-09T14:38:26.413Z [INFO] - Sync cycle finished. 
2025-08-09T14:39:05.428Z [INFO] - Starting attendance data sync cycle... 
2025-08-09T14:39:26.233Z [INFO] - Retrieved 25394 total records from the device. 
2025-08-09T14:39:26.275Z [INFO] - No new attendance records to sync. 
2025-08-09T14:39:26.276Z [INFO] - Sync cycle finished. 
2025-08-09T14:40:05.433Z [INFO] - Starting attendance data sync cycle... 
2025-08-09T14:40:26.273Z [INFO] - Retrieved 25394 total records from the device. 
2025-08-09T14:40:26.362Z [INFO] - No new attendance records to sync. 
2025-08-09T14:40:26.365Z [INFO] - Sync cycle finished. 
2025-08-09T14:41:05.447Z [INFO] - Starting attendance data sync cycle... 
2025-08-09T14:41:26.283Z [INFO] - Retrieved 25394 total records from the device. 
2025-08-09T14:41:26.355Z [INFO] - No new attendance records to sync. 
2025-08-09T14:41:26.358Z [INFO] - Sync cycle finished. 
2025-08-09T14:42:05.447Z [INFO] - Starting attendance data sync cycle... 
2025-08-09T14:42:26.295Z [INFO] - Retrieved 25394 total records from the device. 
2025-08-09T14:42:26.334Z [INFO] - No new attendance records to sync. 
2025-08-09T14:42:26.335Z [INFO] - Sync cycle finished. 
2025-08-09T14:43:05.449Z [INFO] - Starting attendance data sync cycle... 
2025-08-09T14:43:26.238Z [INFO] - Retrieved 25394 total records from the device. 
2025-08-09T14:43:26.277Z [INFO] - No new attendance records to sync. 
2025-08-09T14:43:26.279Z [INFO] - Sync cycle finished. 
2025-08-09T14:44:05.452Z [INFO] - Starting attendance data sync cycle... 
2025-08-09T14:44:26.256Z [INFO] - Retrieved 25394 total records from the device. 
2025-08-09T14:44:26.299Z [INFO] - No new attendance records to sync. 
2025-08-09T14:44:26.301Z [INFO] - Sync cycle finished. 
2025-08-09T14:45:05.460Z [INFO] - Starting attendance data sync cycle... 
2025-08-09T14:45:26.263Z [INFO] - Retrieved 25394 total records from the device. 
2025-08-09T14:45:26.307Z [INFO] - No new attendance records to sync. 
2025-08-09T14:45:26.308Z [INFO] - Sync cycle finished. 
2025-08-09T14:46:05.474Z [INFO] - Starting attendance data sync cycle... 
2025-08-09T14:46:26.275Z [INFO] - Retrieved 25394 total records from the device. 
2025-08-09T14:46:26.310Z [INFO] - No new attendance records to sync. 
2025-08-09T14:46:26.312Z [INFO] - Sync cycle finished. 
2025-08-09T14:47:05.479Z [INFO] - Starting attendance data sync cycle... 
2025-08-09T14:47:26.446Z [INFO] - Retrieved 25394 total records from the device. 
2025-08-09T14:47:26.482Z [INFO] - No new attendance records to sync. 
2025-08-09T14:47:26.484Z [INFO] - Sync cycle finished. 
